<?xml version="1.0" encoding="UTF-8"?>
<testsuite xmlns:xsi="http://www.w3.org/2001/XMLSchema-instance" xsi:noNamespaceSchemaLocation="https://maven.apache.org/surefire/maven-surefire-plugin/xsd/surefire-test-report-3.0.xsd" version="3.0" name="com.storyhasyou.kratos.utils.JacksonUtilsTest" time="0.639" tests="41" errors="0" skipped="0" failures="0">
  <properties>
[...]
</properties>
  <testcase name="should_ReturnObjectMapper_When_GetObjectMapper" classname="com.storyhasyou.kratos.utils.JacksonUtilsTest" time="0.184"/>
  <testcase name="should_ParseFromInputStream_When_GivenValidStreamAndClass" classname="com.storyhasyou.kratos.utils.JacksonUtilsTest" time="0.049"/>
  <testcase name="should_ParseArrayFromInputStream_When_GivenValidStream" classname="com.storyhasyou.kratos.utils.JacksonUtilsTest" time="0.007"/>
  <testcase name="should_ParseSetFromInputStream_When_GivenValidStream" classname="com.storyhasyou.kratos.utils.JacksonUtilsTest" time="0.005"/>
  <testcase name="should_FilterDeletedField_When_SerializingBaseEntity" classname="com.storyhasyou.kratos.utils.JacksonUtilsTest" time="0.043"/>
  <testcase name="should_SerializeToBytes_When_CallingSerializeAsBytes" classname="com.storyhasyou.kratos.utils.JacksonUtilsTest" time="0.006"/>
  <testcase name="should_CreateMappingJackson2HttpMessageConverter_When_DefaultSettings" classname="com.storyhasyou.kratos.utils.JacksonUtilsTest" time="0.002"/>
  <testcase name="should_ParseSetFromBytes_When_GivenValidJsonArrayBytes" classname="com.storyhasyou.kratos.utils.JacksonUtilsTest" time="0.002"/>
  <testcase name="should_ParseList_When_GivenValidJsonArray" classname="com.storyhasyou.kratos.utils.JacksonUtilsTest" time="0.004"/>
  <testcase name="should_ParseArrayFromBytes_When_GivenValidJsonArrayBytes" classname="com.storyhasyou.kratos.utils.JacksonUtilsTest" time="0.0"/>
  <testcase name="should_ConvertValue_When_GivenTypeReference" classname="com.storyhasyou.kratos.utils.JacksonUtilsTest" time="0.008"/>
  <testcase name="should_ParseListFromBytes_When_GivenValidJsonArrayBytes" classname="com.storyhasyou.kratos.utils.JacksonUtilsTest" time="0.001"/>
  <testcase name="should_HandleEmptyArray_When_Parsing" classname="com.storyhasyou.kratos.utils.JacksonUtilsTest" time="0.001"/>
  <testcase name="should_ParseFromString_When_GivenValidJson" classname="com.storyhasyou.kratos.utils.JacksonUtilsTest" time="0.001"/>
  <testcase name="should_ParseMapFromInputStream_When_GivenValidStream" classname="com.storyhasyou.kratos.utils.JacksonUtilsTest" time="0.011"/>
  <testcase name="should_BeThreadSafe_When_ConcurrentSerialization" classname="com.storyhasyou.kratos.utils.JacksonUtilsTest" time="0.034"/>
  <testcase name="should_ParseFromBytes_When_GivenValidJsonBytes" classname="com.storyhasyou.kratos.utils.JacksonUtilsTest" time="0.001"/>
  <testcase name="should_SerializeToBytes_When_GivenValidObject" classname="com.storyhasyou.kratos.utils.JacksonUtilsTest" time="0.001"/>
  <testcase name="should_ParseArray_When_GivenValidJsonArray" classname="com.storyhasyou.kratos.utils.JacksonUtilsTest" time="0.001"/>
  <testcase name="should_CreateMappingJackson2HttpMessageConverter_When_Long2StrEnabled" classname="com.storyhasyou.kratos.utils.JacksonUtilsTest" time="0.006"/>
  <testcase name="should_HandleNullValues_When_Serializing" classname="com.storyhasyou.kratos.utils.JacksonUtilsTest" time="0.0"/>
  <testcase name="should_ParseListFromInputStream_When_GivenValidStream" classname="com.storyhasyou.kratos.utils.JacksonUtilsTest" time="0.0"/>
  <testcase name="should_ParseMapFromBytes_When_GivenValidMapJsonBytes" classname="com.storyhasyou.kratos.utils.JacksonUtilsTest" time="0.003"/>
  <testcase name="should_ThrowBusinessException_When_SerializeCircularReference" classname="com.storyhasyou.kratos.utils.JacksonUtilsTest" time="0.16">
    <system-out><![CDATA[16:29:27.493 [main] ERROR com.storyhasyou.kratos.utils.JacksonUtils -- json序列化出错: [FAILED toString()]
com.fasterxml.jackson.databind.JsonMappingException: Document nesting depth (1001) exceeds the maximum allowed (1000, from `StreamWriteConstraints.getMaxNestingDepth()`) (through reference chain: java.util.HashMap["ref"]->java.util.HashMap["ref"]->java.util.HashMap["ref"]->java.util.HashMap["ref"]->java.util.HashMap["ref"]->java.util.HashMap["ref"]->java.util.HashMap["ref"]->java.util.HashMap["ref"]->java.util.HashMap["ref"]->java.util.HashMap["ref"]->java.util.HashMap["ref"]->java.util.HashMap["ref"]->java.util.HashMap["ref"]->java.util.HashMap["ref"]->java.util.HashMap["ref"]->java.util.HashMap["ref"]->java.util.HashMap["ref"]->java.util.HashMap["ref"]->java.util.HashMap["ref"]->java.util.HashMap["ref"]->java.util.HashMap["ref"]->java.util.HashMap["ref"]->java.util.HashMap["ref"]->java.util.HashMap["ref"]->java.util.HashMap["ref"]->java.util.HashMap["ref"]->java.util.HashMap["ref"]->java.util.HashMap["ref"]->java.util.HashMap["ref"]->java.util.HashMap["ref"]->java.util.HashMap["ref"]->java.util.HashMap["ref"]->java.util.HashMap["ref"]->java.util.HashMap["ref"]->java.util.HashMap["ref"]->java.util.HashMap["ref"]->java.util.HashMap["ref"]->java.util.HashMap["ref"]->java.util.HashMap["ref"]->java.util.HashMap["ref"]->java.util.HashMap["ref"]->java.util.HashMap["ref"]->java.util.HashMap["ref"]->java.util.HashMap["ref"]->java.util.HashMap["ref"]->java.util.HashMap["ref"]->java.util.HashMap["ref"]->java.util.HashMap["ref"]->java.util.HashMap["ref"]->java.util.HashMap["ref"]->java.util.HashMap["ref"]->java.util.HashMap["ref"]->java.util.HashMap["ref"]->java.util.HashMap["ref"]->java.util.HashMap["ref"]->java.util.HashMap["ref"]->java.util.HashMap["ref"]->java.util.HashMap["ref"]->java.util.HashMap["ref"]->java.util.HashMap["ref"]->java.util.HashMap["ref"]->java.util.HashMap["ref"]->java.util.HashMap["ref"]->java.util.HashMap["ref"]->java.util.HashMap["ref"]->java.util.HashMap["ref"]->java.util.HashMap["ref"]->java.util.HashMap["ref"]->java.util.HashMap["ref"]->java.util.HashMap["ref"]->java.util.HashMap["ref"]->java.util.HashMap["ref"]->java.util.HashMap["ref"]->java.util.HashMap["ref"]->java.util.HashMap["ref"]->java.util.HashMap["ref"]->java.util.HashMap["ref"]->java.util.HashMap["ref"]->java.util.HashMap["ref"]->java.util.HashMap["ref"]->java.util.HashMap["ref"]->java.util.HashMap["ref"]->java.util.HashMap["ref"]->java.util.HashMap["ref"]->java.util.HashMap["ref"]->java.util.HashMap["ref"]->java.util.HashMap["ref"]->java.util.HashMap["ref"]->java.util.HashMap["ref"]->java.util.HashMap["ref"]->java.util.HashMap["ref"]->java.util.HashMap["ref"]->java.util.HashMap["ref"]->java.util.HashMap["ref"]->java.util.HashMap["ref"]->java.util.HashMap["ref"]->java.util.HashMap["ref"]->java.util.HashMap["ref"]->java.util.HashMap["ref"]->java.util.HashMap["ref"]->java.util.HashMap["ref"]->java.util.HashMap["ref"]->java.util.HashMap["ref"]->java.util.HashMap["ref"]->java.util.HashMap["ref"]->java.util.HashMap["ref"]->java.util.HashMap["ref"]->java.util.HashMap["ref"]->java.util.HashMap["ref"]->java.util.HashMap["ref"]->java.util.HashMap["ref"]->java.util.HashMap["ref"]->java.util.HashMap["ref"]->java.util.HashMap["ref"]->java.util.HashMap["ref"]->java.util.HashMap["ref"]->java.util.HashMap["ref"]->java.util.HashMap["ref"]->java.util.HashMap["ref"]->java.util.HashMap["ref"]->java.util.HashMap["ref"]->java.util.HashMap["ref"]->java.util.HashMap["ref"]->java.util.HashMap["ref"]->java.util.HashMap["ref"]->java.util.HashMap["ref"]->java.util.HashMap["ref"]->java.util.HashMap["ref"]->java.util.HashMap["ref"]->java.util.HashMap["ref"]->java.util.HashMap["ref"]->java.util.HashMap["ref"]->java.util.HashMap["ref"]->java.util.HashMap["ref"]->java.util.HashMap["ref"]->java.util.HashMap["ref"]->java.util.HashMap["ref"]->java.util.HashMap["ref"]->java.util.HashMap["ref"]->java.util.HashMap["ref"]->java.util.HashMap["ref"]->java.util.HashMap["ref"]->java.util.HashMap["ref"]->java.util.HashMap["ref"]->java.util.HashMap["ref"]->java.util.HashMap["ref"]->java.util.HashMap["ref"]->java.util.HashMap["ref"]->java.util.HashMap["ref"]->java.util.HashMap["ref"]->java.util.HashMap["ref"]->java.util.HashMap["ref"]->java.util.HashMap["ref"]->java.util.HashMap["ref"]->java.util.HashMap["ref"]->java.util.HashMap["ref"]->java.util.HashMap["ref"]->java.util.HashMap["ref"]->java.util.HashMap["ref"]->java.util.HashMap["ref"]->java.util.HashMap["ref"]->java.util.HashMap["ref"]->java.util.HashMap["ref"]->java.util.HashMap["ref"]->java.util.HashMap["ref"]->java.util.HashMap["ref"]->java.util.HashMap["ref"]->java.util.HashMap["ref"]->java.util.HashMap["ref"]->java.util.HashMap["ref"]->java.util.HashMap["ref"]->java.util.HashMap["ref"]->java.util.HashMap["ref"]->java.util.HashMap["ref"]->java.util.HashMap["ref"]->java.util.HashMap["ref"]->java.util.HashMap["ref"]->java.util.HashMap["ref"]->java.util.HashMap["ref"]->java.util.HashMap["ref"]->java.util.HashMap["ref"]->java.util.HashMap["ref"]->java.util.HashMap["ref"]->java.util.HashMap["ref"]->java.util.HashMap["ref"]->java.util.HashMap["ref"]->java.util.HashMap["ref"]->java.util.HashMap["ref"]->java.util.HashMap["ref"]->java.util.HashMap["ref"]->java.util.HashMap["ref"]->java.util.HashMap["ref"]->java.util.HashMap["ref"]->java.util.HashMap["ref"]->java.util.HashMap["ref"]->java.util.HashMap["ref"]->java.util.HashMap["ref"]->java.util.HashMap["ref"]->java.util.HashMap["ref"]->java.util.HashMap["ref"]->java.util.HashMap["ref"]->java.util.HashMap["ref"]->java.util.HashMap["ref"]->java.util.HashMap["ref"]->java.util.HashMap["ref"]->java.util.HashMap["ref"]->java.util.HashMap["ref"]->java.util.HashMap["ref"]->java.util.HashMap["ref"]->java.util.HashMap["ref"]->java.util.HashMap["ref"]->java.util.HashMap["ref"]->java.util.HashMap["ref"]->java.util.HashMap["ref"]->java.util.HashMap["ref"]->java.util.HashMap["ref"]->java.util.HashMap["ref"]->java.util.HashMap["ref"]->java.util.HashMap["ref"]->java.util.HashMap["ref"]->java.util.HashMap["ref"]->java.util.HashMap["ref"]->java.util.HashMap["ref"]->java.util.HashMap["ref"]->java.util.HashMap["ref"]->java.util.HashMap["ref"]->java.util.HashMap["ref"]->java.util.HashMap["ref"]->java.util.HashMap["ref"]->java.util.HashMap["ref"]->java.util.HashMap["ref"]->java.util.HashMap["ref"]->java.util.HashMap["ref"]->java.util.HashMap["ref"]->java.util.HashMap["ref"]->java.util.HashMap["ref"]->java.util.HashMap["ref"]->java.util.HashMap["ref"]->java.util.HashMap["ref"]->java.util.HashMap["ref"]->java.util.HashMap["ref"]->java.util.HashMap["ref"]->java.util.HashMap["ref"]->java.util.HashMap["ref"]->java.util.HashMap["ref"]->java.util.HashMap["ref"]->java.util.HashMap["ref"]->java.util.HashMap["ref"]->java.util.HashMap["ref"]->java.util.HashMap["ref"]->java.util.HashMap["ref"]->java.util.HashMap["ref"]->java.util.HashMap["ref"]->java.util.HashMap["ref"]->java.util.HashMap["ref"]->java.util.HashMap["ref"]->java.util.HashMap["ref"]->java.util.HashMap["ref"]->java.util.HashMap["ref"]->java.util.HashMap["ref"]->java.util.HashMap["ref"]->java.util.HashMap["ref"]->java.util.HashMap["ref"]->java.util.HashMap["ref"]->java.util.HashMap["ref"]->java.util.HashMap["ref"]->java.util.HashMap["ref"]->java.util.HashMap["ref"]->java.util.HashMap["ref"]->java.util.HashMap["ref"]->java.util.HashMap["ref"]->java.util.HashMap["ref"]->java.util.HashMap["ref"]->java.util.HashMap["ref"]->java.util.HashMap["ref"]->java.util.HashMap["ref"]->java.util.HashMap["ref"]->java.util.HashMap["ref"]->java.util.HashMap["ref"]->java.util.HashMap["ref"]->java.util.HashMap["ref"]->java.util.HashMap["ref"]->java.util.HashMap["ref"]->java.util.HashMap["ref"]->java.util.HashMap["ref"]->java.util.HashMap["ref"]->java.util.HashMap["ref"]->java.util.HashMap["ref"]->java.util.HashMap["ref"]->java.util.HashMap["ref"]->java.util.HashMap["ref"]->java.util.HashMap["ref"]->java.util.HashMap["ref"]->java.util.HashMap["ref"]->java.util.HashMap["ref"]->java.util.HashMap["ref"]->java.util.HashMap["ref"]->java.util.HashMap["ref"]->java.util.HashMap["ref"]->java.util.HashMap["ref"]->java.util.HashMap["ref"]->java.util.HashMap["ref"]->java.util.HashMap["ref"]->java.util.HashMap["ref"]->java.util.HashMap["ref"]->java.util.HashMap["ref"]->java.util.HashMap["ref"]->java.util.HashMap["ref"]->java.util.HashMap["ref"]->java.util.HashMap["ref"]->java.util.HashMap["ref"]->java.util.HashMap["ref"]->java.util.HashMap["ref"]->java.util.HashMap["ref"]->java.util.HashMap["ref"]->java.util.HashMap["ref"]->java.util.HashMap["ref"]->java.util.HashMap["ref"]->java.util.HashMap["ref"]->java.util.HashMap["ref"]->java.util.HashMap["ref"]->java.util.HashMap["ref"]->java.util.HashMap["ref"]->java.util.HashMap["ref"]->java.util.HashMap["ref"]->java.util.HashMap["ref"]->java.util.HashMap["ref"]->java.util.HashMap["ref"]->java.util.HashMap["ref"]->java.util.HashMap["ref"]->java.util.HashMap["ref"]->java.util.HashMap["ref"]->java.util.HashMap["ref"]->java.util.HashMap["ref"]->java.util.HashMap["ref"]->java.util.HashMap["ref"]->java.util.HashMap["ref"]->java.util.HashMap["ref"]->java.util.HashMap["ref"]->java.util.HashMap["ref"]->java.util.HashMap["ref"]->java.util.HashMap["ref"]->java.util.HashMap["ref"]->java.util.HashMap["ref"]->java.util.HashMap["ref"]->java.util.HashMap["ref"]->java.util.HashMap["ref"]->java.util.HashMap["ref"]->java.util.HashMap["ref"]->java.util.HashMap["ref"]->java.util.HashMap["ref"]->java.util.HashMap["ref"]->java.util.HashMap["ref"]->java.util.HashMap["ref"]->java.util.HashMap["ref"]->java.util.HashMap["ref"]->java.util.HashMap["ref"]->java.util.HashMap["ref"]->java.util.HashMap["ref"]->java.util.HashMap["ref"]->java.util.HashMap["ref"]->java.util.HashMap["ref"]->java.util.HashMap["ref"]->java.util.HashMap["ref"]->java.util.HashMap["ref"]->java.util.HashMap["ref"]->java.util.HashMap["ref"]->java.util.HashMap["ref"]->java.util.HashMap["ref"]->java.util.HashMap["ref"]->java.util.HashMap["ref"]->java.util.HashMap["ref"]->java.util.HashMap["ref"]->java.util.HashMap["ref"]->java.util.HashMap["ref"]->java.util.HashMap["ref"]->java.util.HashMap["ref"]->java.util.HashMap["ref"]->java.util.HashMap["ref"]->java.util.HashMap["ref"]->java.util.HashMap["ref"]->java.util.HashMap["ref"]->java.util.HashMap["ref"]->java.util.HashMap["ref"]->java.util.HashMap["ref"]->java.util.HashMap["ref"]->java.util.HashMap["ref"]->java.util.HashMap["ref"]->java.util.HashMap["ref"]->java.util.HashMap["ref"]->java.util.HashMap["ref"]->java.util.HashMap["ref"]->java.util.HashMap["ref"]->java.util.HashMap["ref"]->java.util.HashMap["ref"]->java.util.HashMap["ref"]->java.util.HashMap["ref"]->java.util.HashMap["ref"]->java.util.HashMap["ref"]->java.util.HashMap["ref"]->java.util.HashMap["ref"]->java.util.HashMap["ref"]->java.util.HashMap["ref"]->java.util.HashMap["ref"]->java.util.HashMap["ref"]->java.util.HashMap["ref"]->java.util.HashMap["ref"]->java.util.HashMap["ref"]->java.util.HashMap["ref"]->java.util.HashMap["ref"]->java.util.HashMap["ref"]->java.util.HashMap["ref"]->java.util.HashMap["ref"]->java.util.HashMap["ref"]->java.util.HashMap["ref"]->java.util.HashMap["ref"]->java.util.HashMap["ref"]->java.util.HashMap["ref"]->java.util.HashMap["ref"]->java.util.HashMap["ref"]->java.util.HashMap["ref"]->java.util.HashMap["ref"]->java.util.HashMap["ref"]->java.util.HashMap["ref"]->java.util.HashMap["ref"]->java.util.HashMap["ref"]->java.util.HashMap["ref"]->java.util.HashMap["ref"]->java.util.HashMap["ref"]->java.util.HashMap["ref"]->java.util.HashMap["ref"]->java.util.HashMap["ref"]->java.util.HashMap["ref"]->java.util.HashMap["ref"]->java.util.HashMap["ref"]->java.util.HashMap["ref"]->java.util.HashMap["ref"]->java.util.HashMap["ref"]->java.util.HashMap["ref"]->java.util.HashMap["ref"]->java.util.HashMap["ref"]->java.util.HashMap["ref"]->java.util.HashMap["ref"]->java.util.HashMap["ref"]->java.util.HashMap["ref"]->java.util.HashMap["ref"]->java.util.HashMap["ref"]->java.util.HashMap["ref"]->java.util.HashMap["ref"]->java.util.HashMap["ref"]->java.util.HashMap["ref"]->java.util.HashMap["ref"]->java.util.HashMap["ref"]->java.util.HashMap["ref"]->java.util.HashMap["ref"]->java.util.HashMap["ref"]->java.util.HashMap["ref"]->java.util.HashMap["ref"]->java.util.HashMap["ref"]->java.util.HashMap["ref"]->java.util.HashMap["ref"]->java.util.HashMap["ref"]->java.util.HashMap["ref"]->java.util.HashMap["ref"]->java.util.HashMap["ref"]->java.util.HashMap["ref"]->java.util.HashMap["ref"]->java.util.HashMap["ref"]->java.util.HashMap["ref"]->java.util.HashMap["ref"]->java.util.HashMap["ref"]->java.util.HashMap["ref"]->java.util.HashMap["ref"]->java.util.HashMap["ref"]->java.util.HashMap["ref"]->java.util.HashMap["ref"]->java.util.HashMap["ref"]->java.util.HashMap["ref"]->java.util.HashMap["ref"]->java.util.HashMap["ref"]->java.util.HashMap["ref"]->java.util.HashMap["ref"]->java.util.HashMap["ref"]->java.util.HashMap["ref"]->java.util.HashMap["ref"]->java.util.HashMap["ref"]->java.util.HashMap["ref"]->java.util.HashMap["ref"]->java.util.HashMap["ref"]->java.util.HashMap["ref"]->java.util.HashMap["ref"]->java.util.HashMap["ref"]->java.util.HashMap["ref"]->java.util.HashMap["ref"]->java.util.HashMap["ref"]->java.util.HashMap["ref"]->java.util.HashMap["ref"]->java.util.HashMap["ref"]->java.util.HashMap["ref"]->java.util.HashMap["ref"]->java.util.HashMap["ref"]->java.util.HashMap["ref"]->java.util.HashMap["ref"]->java.util.HashMap["ref"]->java.util.HashMap["ref"]->java.util.HashMap["ref"]->java.util.HashMap["ref"]->java.util.HashMap["ref"]->java.util.HashMap["ref"]->java.util.HashMap["ref"]->java.util.HashMap["ref"]->java.util.HashMap["ref"]->java.util.HashMap["ref"]->java.util.HashMap["ref"]->java.util.HashMap["ref"]->java.util.HashMap["ref"]->java.util.HashMap["ref"]->java.util.HashMap["ref"]->java.util.HashMap["ref"]->java.util.HashMap["ref"]->java.util.HashMap["ref"]->java.util.HashMap["ref"]->java.util.HashMap["ref"]->java.util.HashMap["ref"]->java.util.HashMap["ref"]->java.util.HashMap["ref"]->java.util.HashMap["ref"]->java.util.HashMap["ref"]->java.util.HashMap["ref"]->java.util.HashMap["ref"]->java.util.HashMap["ref"]->java.util.HashMap["ref"]->java.util.HashMap["ref"]->java.util.HashMap["ref"]->java.util.HashMap["ref"]->java.util.HashMap["ref"]->java.util.HashMap["ref"]->java.util.HashMap["ref"]->java.util.HashMap["ref"]->java.util.HashMap["ref"]->java.util.HashMap["ref"]->java.util.HashMap["ref"]->java.util.HashMap["ref"]->java.util.HashMap["ref"]->java.util.HashMap["ref"]->java.util.HashMap["ref"]->java.util.HashMap["ref"]->java.util.HashMap["ref"]->java.util.HashMap["ref"]->java.util.HashMap["ref"]->java.util.HashMap["ref"]->java.util.HashMap["ref"]->java.util.HashMap["ref"]->java.util.HashMap["ref"]->java.util.HashMap["ref"]->java.util.HashMap["ref"]->java.util.HashMap["ref"]->java.util.HashMap["ref"]->java.util.HashMap["ref"]->java.util.HashMap["ref"]->java.util.HashMap["ref"]->java.util.HashMap["ref"]->java.util.HashMap["ref"]->java.util.HashMap["ref"]->java.util.HashMap["ref"]->java.util.HashMap["ref"]->java.util.HashMap["ref"]->java.util.HashMap["ref"]->java.util.HashMap["ref"]->java.util.HashMap["ref"]->java.util.HashMap["ref"]->java.util.HashMap["ref"]->java.util.HashMap["ref"]->java.util.HashMap["ref"]->java.util.HashMap["ref"]->java.util.HashMap["ref"]->java.util.HashMap["ref"]->java.util.HashMap["ref"]->java.util.HashMap["ref"]->java.util.HashMap["ref"]->java.util.HashMap["ref"]->java.util.HashMap["ref"]->java.util.HashMap["ref"]->java.util.HashMap["ref"]->java.util.HashMap["ref"]->java.util.HashMap["ref"]->java.util.HashMap["ref"]->java.util.HashMap["ref"]->java.util.HashMap["ref"]->java.util.HashMap["ref"]->java.util.HashMap["ref"]->java.util.HashMap["ref"]->java.util.HashMap["ref"]->java.util.HashMap["ref"]->java.util.HashMap["ref"]->java.util.HashMap["ref"]->java.util.HashMap["ref"]->java.util.HashMap["ref"]->java.util.HashMap["ref"]->java.util.HashMap["ref"]->java.util.HashMap["ref"]->java.util.HashMap["ref"]->java.util.HashMap["ref"]->java.util.HashMap["ref"]->java.util.HashMap["ref"]->java.util.HashMap["ref"]->java.util.HashMap["ref"]->java.util.HashMap["ref"]->java.util.HashMap["ref"]->java.util.HashMap["ref"]->java.util.HashMap["ref"]->java.util.HashMap["ref"]->java.util.HashMap["ref"]->java.util.HashMap["ref"]->java.util.HashMap["ref"]->java.util.HashMap["ref"]->java.util.HashMap["ref"]->java.util.HashMap["ref"]->java.util.HashMap["ref"]->java.util.HashMap["ref"]->java.util.HashMap["ref"]->java.util.HashMap["ref"]->java.util.HashMap["ref"]->java.util.HashMap["ref"]->java.util.HashMap["ref"]->java.util.HashMap["ref"]->java.util.HashMap["ref"]->java.util.HashMap["ref"]->java.util.HashMap["ref"]->java.util.HashMap["ref"]->java.util.HashMap["ref"]->java.util.HashMap["ref"]->java.util.HashMap["ref"]->java.util.HashMap["ref"]->java.util.HashMap["ref"]->java.util.HashMap["ref"]->java.util.HashMap["ref"]->java.util.HashMap["ref"]->java.util.HashMap["ref"]->java.util.HashMap["ref"]->java.util.HashMap["ref"]->java.util.HashMap["ref"]->java.util.HashMap["ref"]->java.util.HashMap["ref"]->java.util.HashMap["ref"]->java.util.HashMap["ref"]->java.util.HashMap["ref"]->java.util.HashMap["ref"]->java.util.HashMap["ref"]->java.util.HashMap["ref"]->java.util.HashMap["ref"]->java.util.HashMap["ref"]->java.util.HashMap["ref"]->java.util.HashMap["ref"]->java.util.HashMap["ref"]->java.util.HashMap["ref"]->java.util.HashMap["ref"]->java.util.HashMap["ref"]->java.util.HashMap["ref"]->java.util.HashMap["ref"]->java.util.HashMap["ref"]->java.util.HashMap["ref"]->java.util.HashMap["ref"]->java.util.HashMap["ref"]->java.util.HashMap["ref"]->java.util.HashMap["ref"]->java.util.HashMap["ref"]->java.util.HashMap["ref"]->java.util.HashMap["ref"]->java.util.HashMap["ref"]->java.util.HashMap["ref"]->java.util.HashMap["ref"]->java.util.HashMap["ref"]->java.util.HashMap["ref"]->java.util.HashMap["ref"]->java.util.HashMap["ref"]->java.util.HashMap["ref"]->java.util.HashMap["ref"]->java.util.HashMap["ref"]->java.util.HashMap["ref"]->java.util.HashMap["ref"]->java.util.HashMap["ref"]->java.util.HashMap["ref"]->java.util.HashMap["ref"]->java.util.HashMap["ref"]->java.util.HashMap["ref"]->java.util.HashMap["ref"]->java.util.HashMap["ref"]->java.util.HashMap["ref"]->java.util.HashMap["ref"]->java.util.HashMap["ref"]->java.util.HashMap["ref"]->java.util.HashMap["ref"]->java.util.HashMap["ref"]->java.util.HashMap["ref"]->java.util.HashMap["ref"]->java.util.HashMap["ref"]->java.util.HashMap["ref"]->java.util.HashMap["ref"]->java.util.HashMap["ref"]->java.util.HashMap["ref"]->java.util.HashMap["ref"]->java.util.HashMap["ref"]->java.util.HashMap["ref"]->java.util.HashMap["ref"]->java.util.HashMap["ref"]->java.util.HashMap["ref"]->java.util.HashMap["ref"]->java.util.HashMap["ref"]->java.util.HashMap["ref"]->java.util.HashMap["ref"]->java.util.HashMap["ref"]->java.util.HashMap["ref"]->java.util.HashMap["ref"]->java.util.HashMap["ref"]->java.util.HashMap["ref"]->java.util.HashMap["ref"]->java.util.HashMap["ref"]->java.util.HashMap["ref"]->java.util.HashMap["ref"]->java.util.HashMap["ref"]->java.util.HashMap["ref"]->java.util.HashMap["ref"]->java.util.HashMap["ref"]->java.util.HashMap["ref"]->java.util.HashMap["ref"]->java.util.HashMap["ref"]->java.util.HashMap["ref"]->java.util.HashMap["ref"]->java.util.HashMap["ref"]->java.util.HashMap["ref"]->java.util.HashMap["ref"]->java.util.HashMap["ref"]->java.util.HashMap["ref"]->java.util.HashMap["ref"]->java.util.HashMap["ref"]->java.util.HashMap["ref"]->java.util.HashMap["ref"]->java.util.HashMap["ref"]->java.util.HashMap["ref"]->java.util.HashMap["ref"]->java.util.HashMap["ref"]->java.util.HashMap["ref"]->java.util.HashMap["ref"]->java.util.HashMap["ref"]->java.util.HashMap["ref"]->java.util.HashMap["ref"]->java.util.HashMap["ref"]->java.util.HashMap["ref"]->java.util.HashMap["ref"]->java.util.HashMap["ref"]->java.util.HashMap["ref"]->java.util.HashMap["ref"]->java.util.HashMap["ref"]->java.util.HashMap["ref"]->java.util.HashMap["ref"]->java.util.HashMap["ref"]->java.util.HashMap["ref"]->java.util.HashMap["ref"]->java.util.HashMap["ref"]->java.util.HashMap["ref"]->java.util.HashMap["ref"]->java.util.HashMap["ref"]->java.util.HashMap["ref"]->java.util.HashMap["ref"]->java.util.HashMap["ref"]->java.util.HashMap["ref"]->java.util.HashMap["ref"]->java.util.HashMap["ref"]->java.util.HashMap["ref"]->java.util.HashMap["ref"]->java.util.HashMap["ref"]->java.util.HashMap["ref"]->java.util.HashMap["ref"]->java.util.HashMap["ref"]->java.util.HashMap["ref"]->java.util.HashMap["ref"]->java.util.HashMap["ref"]->java.util.HashMap["ref"]->java.util.HashMap["ref"]->java.util.HashMap["ref"]->java.util.HashMap["ref"]->java.util.HashMap["ref"]->java.util.HashMap["ref"]->java.util.HashMap["ref"]->java.util.HashMap["ref"]->java.util.HashMap["ref"]->java.util.HashMap["ref"]->java.util.HashMap["ref"]->java.util.HashMap["ref"]->java.util.HashMap["ref"]->java.util.HashMap["ref"]->java.util.HashMap["ref"]->java.util.HashMap["ref"]->java.util.HashMap["ref"]->java.util.HashMap["ref"]->java.util.HashMap["ref"]->java.util.HashMap["ref"]->java.util.HashMap["ref"]->java.util.HashMap["ref"]->java.util.HashMap["ref"]->java.util.HashMap["ref"]->java.util.HashMap["ref"]->java.util.HashMap["ref"]->java.util.HashMap["ref"]->java.util.HashMap["ref"]->java.util.HashMap["ref"]->java.util.HashMap["ref"]->java.util.HashMap["ref"]->java.util.HashMap["ref"]->java.util.HashMap["ref"]->java.util.HashMap["ref"]->java.util.HashMap["ref"]->java.util.HashMap["ref"]->java.util.HashMap["ref"]->java.util.HashMap["ref"]->java.util.HashMap["ref"]->java.util.HashMap["ref"]->java.util.HashMap["ref"]->java.util.HashMap["ref"]->java.util.HashMap["ref"]->java.util.HashMap["ref"]->java.util.HashMap["ref"]->java.util.HashMap["ref"]->java.util.HashMap["ref"]->java.util.HashMap["ref"]->java.util.HashMap["ref"]->java.util.HashMap["ref"]->java.util.HashMap["ref"]->java.util.HashMap["ref"]->java.util.HashMap["ref"]->java.util.HashMap["ref"]->java.util.HashMap["ref"]->java.util.HashMap["ref"]->java.util.HashMap["ref"]->java.util.HashMap["ref"]->java.util.HashMap["ref"]->java.util.HashMap["ref"]->java.util.HashMap["ref"]->java.util.HashMap["ref"]->java.util.HashMap["ref"]->java.util.HashMap["ref"]->java.util.HashMap["ref"]->java.util.HashMap["ref"]->java.util.HashMap["ref"]->java.util.HashMap["ref"]->java.util.HashMap["ref"]->java.util.HashMap["ref"]->java.util.HashMap["ref"]->java.util.HashMap["ref"]->java.util.HashMap["ref"]->java.util.HashMap["ref"]->java.util.HashMap["ref"]->java.util.HashMap["ref"]->java.util.HashMap["ref"]->java.util.HashMap["ref"]->java.util.HashMap["ref"]->java.util.HashMap["ref"]->java.util.HashMap["ref"]->java.util.HashMap["ref"]->java.util.HashMap["ref"]->java.util.HashMap["ref"]->java.util.HashMap["ref"]->java.util.HashMap["ref"]->java.util.HashMap["ref"]->java.util.HashMap["ref"]->java.util.HashMap["ref"]->java.util.HashMap["ref"]->java.util.HashMap["ref"]->java.util.HashMap["ref"]->java.util.HashMap["ref"]->java.util.HashMap["ref"]->java.util.HashMap["ref"]->java.util.HashMap["ref"]->java.util.HashMap["ref"]->java.util.HashMap["ref"]->java.util.HashMap["ref"]->java.util.HashMap["ref"]->java.util.HashMap["ref"]->java.util.HashMap["ref"]->java.util.HashMap["ref"]->java.util.HashMap["ref"]->java.util.HashMap["ref"]->java.util.HashMap["ref"]->java.util.HashMap["ref"]->java.util.HashMap["ref"]->java.util.HashMap["ref"]->java.util.HashMap["ref"]->java.util.HashMap["ref"]->java.util.HashMap["ref"]->java.util.HashMap["ref"]->java.util.HashMap["ref"]->java.util.HashMap["ref"]->java.util.HashMap["ref"]->java.util.HashMap["ref"]->java.util.HashMap["ref"]->java.util.HashMap["ref"]->java.util.HashMap["ref"]->java.util.HashMap["ref"]->java.util.HashMap["ref"]->java.util.HashMap["ref"]->java.util.HashMap["ref"]->java.util.HashMap["ref"]->java.util.HashMap["ref"]->java.util.HashMap["ref"]->java.util.HashMap["ref"]->java.util.HashMap["ref"]->java.util.HashMap["ref"]->java.util.HashMap["ref"]->java.util.HashMap["ref"]->java.util.HashMap["ref"]->java.util.HashMap["ref"]->java.util.HashMap["ref"]->java.util.HashMap["ref"]->java.util.HashMap["ref"]->java.util.HashMap["ref"]->java.util.HashMap["ref"]->java.util.HashMap["ref"]->java.util.HashMap["ref"]->java.util.HashMap["ref"]->java.util.HashMap["ref"]->java.util.HashMap["ref"]->java.util.HashMap["ref"]->java.util.HashMap["ref"]->java.util.HashMap["ref"]->java.util.HashMap["ref"]->java.util.HashMap["ref"]->java.util.HashMap["ref"]->java.util.HashMap["ref"]->java.util.HashMap["ref"]->java.util.HashMap["ref"]->java.util.HashMap["ref"]->java.util.HashMap["ref"]->java.util.HashMap["ref"]->java.util.HashMap["ref"]->java.util.HashMap["ref"]->java.util.HashMap["ref"]->java.util.HashMap["ref"]->java.util.HashMap["ref"]->java.util.HashMap["ref"]->java.util.HashMap["ref"]->java.util.HashMap["ref"]->java.util.HashMap["ref"]->java.util.HashMap["ref"]->java.util.HashMap["ref"]->java.util.HashMap["ref"]->java.util.HashMap["ref"]->java.util.HashMap["ref"]->java.util.HashMap["ref"]->java.util.HashMap["ref"]->java.util.HashMap["ref"]->java.util.HashMap["ref"]->java.util.HashMap["ref"]->java.util.HashMap["ref"]->java.util.HashMap["ref"]->java.util.HashMap["ref"]->java.util.HashMap["ref"]->java.util.HashMap["ref"]->java.util.HashMap["ref"]->java.util.HashMap["ref"]->java.util.HashMap["ref"]->java.util.HashMap["ref"]->java.util.HashMap["ref"]->java.util.HashMap["ref"]->java.util.HashMap["ref"]->java.util.HashMap["ref"]->java.util.HashMap["ref"]->java.util.HashMap["ref"]->java.util.HashMap["ref"]->java.util.HashMap["ref"]->java.util.HashMap["ref"]->java.util.HashMap["ref"]->java.util.HashMap["ref"]->java.util.HashMap["ref"]->java.util.HashMap["ref"]->java.util.HashMap["ref"]->java.util.HashMap["ref"]->java.util.HashMap["ref"]->java.util.HashMap["ref"]->java.util.HashMap["ref"]->java.util.HashMap["ref"]->java.util.HashMap["ref"]->java.util.HashMap["ref"]->java.util.HashMap["ref"]->java.util.HashMap["ref"]->java.util.HashMap["ref"]->java.util.HashMap["ref"]->java.util.HashMap["ref"]->java.util.HashMap["ref"]->java.util.HashMap["ref"]->java.util.HashMap["ref"]->java.util.HashMap["ref"]->java.util.HashMap["ref"]->java.util.HashMap["ref"]->java.util.HashMap["ref"]->java.util.HashMap["ref"]->java.util.HashMap["ref"]->java.util.HashMap["ref"]->java.util.HashMap["ref"]->java.util.HashMap["ref"])
	at com.fasterxml.jackson.databind.JsonMappingException.wrapWithPath(JsonMappingException.java:400)
	at com.fasterxml.jackson.databind.JsonMappingException.wrapWithPath(JsonMappingException.java:359)
	at com.fasterxml.jackson.databind.ser.std.StdSerializer.wrapAndThrow(StdSerializer.java:324)
	at com.fasterxml.jackson.databind.ser.std.MapSerializer.serializeFields(MapSerializer.java:810)
	at com.fasterxml.jackson.databind.ser.std.MapSerializer.serializeWithoutTypeInfo(MapSerializer.java:763)
	at com.fasterxml.jackson.databind.ser.std.MapSerializer.serialize(MapSerializer.java:719)
	at com.fasterxml.jackson.databind.ser.std.MapSerializer.serialize(MapSerializer.java:34)
	at com.fasterxml.jackson.databind.ser.std.MapSerializer.serializeFields(MapSerializer.java:807)
	at com.fasterxml.jackson.databind.ser.std.MapSerializer.serializeWithoutTypeInfo(MapSerializer.java:763)
	at com.fasterxml.jackson.databind.ser.std.MapSerializer.serialize(MapSerializer.java:719)
	at com.fasterxml.jackson.databind.ser.std.MapSerializer.serialize(MapSerializer.java:34)
	at com.fasterxml.jackson.databind.ser.std.MapSerializer.serializeFields(MapSerializer.java:807)
	at com.fasterxml.jackson.databind.ser.std.MapSerializer.serializeWithoutTypeInfo(MapSerializer.java:763)
	at com.fasterxml.jackson.databind.ser.std.MapSerializer.serialize(MapSerializer.java:719)
	at com.fasterxml.jackson.databind.ser.std.MapSerializer.serialize(MapSerializer.java:34)
	at com.fasterxml.jackson.databind.ser.std.MapSerializer.serializeFields(MapSerializer.java:807)
	at com.fasterxml.jackson.databind.ser.std.MapSerializer.serializeWithoutTypeInfo(MapSerializer.java:763)
	at com.fasterxml.jackson.databind.ser.std.MapSerializer.serialize(MapSerializer.java:719)
	at com.fasterxml.jackson.databind.ser.std.MapSerializer.serialize(MapSerializer.java:34)
	at com.fasterxml.jackson.databind.ser.std.MapSerializer.serializeFields(MapSerializer.java:807)
	at com.fasterxml.jackson.databind.ser.std.MapSerializer.serializeWithoutTypeInfo(MapSerializer.java:763)
	at com.fasterxml.jackson.databind.ser.std.MapSerializer.serialize(MapSerializer.java:719)
	at com.fasterxml.jackson.databind.ser.std.MapSerializer.serialize(MapSerializer.java:34)
	at com.fasterxml.jackson.databind.ser.std.MapSerializer.serializeFields(MapSerializer.java:807)
	at com.fasterxml.jackson.databind.ser.std.MapSerializer.serializeWithoutTypeInfo(MapSerializer.java:763)
	at com.fasterxml.jackson.databind.ser.std.MapSerializer.serialize(MapSerializer.java:719)
	at com.fasterxml.jackson.databind.ser.std.MapSerializer.serialize(MapSerializer.java:34)
	at com.fasterxml.jackson.databind.ser.std.MapSerializer.serializeFields(MapSerializer.java:807)
	at com.fasterxml.jackson.databind.ser.std.MapSerializer.serializeWithoutTypeInfo(MapSerializer.java:763)
	at com.fasterxml.jackson.databind.ser.std.MapSerializer.serialize(MapSerializer.java:719)
	at com.fasterxml.jackson.databind.ser.std.MapSerializer.serialize(MapSerializer.java:34)
	at com.fasterxml.jackson.databind.ser.std.MapSerializer.serializeFields(MapSerializer.java:807)
	at com.fasterxml.jackson.databind.ser.std.MapSerializer.serializeWithoutTypeInfo(MapSerializer.java:763)
	at com.fasterxml.jackson.databind.ser.std.MapSerializer.serialize(MapSerializer.java:719)
	at com.fasterxml.jackson.databind.ser.std.MapSerializer.serialize(MapSerializer.java:34)
	at com.fasterxml.jackson.databind.ser.std.MapSerializer.serializeFields(MapSerializer.java:807)
	at com.fasterxml.jackson.databind.ser.std.MapSerializer.serializeWithoutTypeInfo(MapSerializer.java:763)
	at com.fasterxml.jackson.databind.ser.std.MapSerializer.serialize(MapSerializer.java:719)
	at com.fasterxml.jackson.databind.ser.std.MapSerializer.serialize(MapSerializer.java:34)
	at com.fasterxml.jackson.databind.ser.std.MapSerializer.serializeFields(MapSerializer.java:807)
	at com.fasterxml.jackson.databind.ser.std.MapSerializer.serializeWithoutTypeInfo(MapSerializer.java:763)
	at com.fasterxml.jackson.databind.ser.std.MapSerializer.serialize(MapSerializer.java:719)
	at com.fasterxml.jackson.databind.ser.std.MapSerializer.serialize(MapSerializer.java:34)
	at com.fasterxml.jackson.databind.ser.std.MapSerializer.serializeFields(MapSerializer.java:807)
	at com.fasterxml.jackson.databind.ser.std.MapSerializer.serializeWithoutTypeInfo(MapSerializer.java:763)
	at com.fasterxml.jackson.databind.ser.std.MapSerializer.serialize(MapSerializer.java:719)
	at com.fasterxml.jackson.databind.ser.std.MapSerializer.serialize(MapSerializer.java:34)
	at com.fasterxml.jackson.databind.ser.std.MapSerializer.serializeFields(MapSerializer.java:807)
	at com.fasterxml.jackson.databind.ser.std.MapSerializer.serializeWithoutTypeInfo(MapSerializer.java:763)
	at com.fasterxml.jackson.databind.ser.std.MapSerializer.serialize(MapSerializer.java:719)
	at com.fasterxml.jackson.databind.ser.std.MapSerializer.serialize(MapSerializer.java:34)
	at com.fasterxml.jackson.databind.ser.std.MapSerializer.serializeFields(MapSerializer.java:807)
	at com.fasterxml.jackson.databind.ser.std.MapSerializer.serializeWithoutTypeInfo(MapSerializer.java:763)
	at com.fasterxml.jackson.databind.ser.std.MapSerializer.serialize(MapSerializer.java:719)
	at com.fasterxml.jackson.databind.ser.std.MapSerializer.serialize(MapSerializer.java:34)
	at com.fasterxml.jackson.databind.ser.std.MapSerializer.serializeFields(MapSerializer.java:807)
	at com.fasterxml.jackson.databind.ser.std.MapSerializer.serializeWithoutTypeInfo(MapSerializer.java:763)
	at com.fasterxml.jackson.databind.ser.std.MapSerializer.serialize(MapSerializer.java:719)
	at com.fasterxml.jackson.databind.ser.std.MapSerializer.serialize(MapSerializer.java:34)
	at com.fasterxml.jackson.databind.ser.std.MapSerializer.serializeFields(MapSerializer.java:807)
	at com.fasterxml.jackson.databind.ser.std.MapSerializer.serializeWithoutTypeInfo(MapSerializer.java:763)
	at com.fasterxml.jackson.databind.ser.std.MapSerializer.serialize(MapSerializer.java:719)
	at com.fasterxml.jackson.databind.ser.std.MapSerializer.serialize(MapSerializer.java:34)
	at com.fasterxml.jackson.databind.ser.std.MapSerializer.serializeFields(MapSerializer.java:807)
	at com.fasterxml.jackson.databind.ser.std.MapSerializer.serializeWithoutTypeInfo(MapSerializer.java:763)
	at com.fasterxml.jackson.databind.ser.std.MapSerializer.serialize(MapSerializer.java:719)
	at com.fasterxml.jackson.databind.ser.std.MapSerializer.serialize(MapSerializer.java:34)
	at com.fasterxml.jackson.databind.ser.std.MapSerializer.serializeFields(MapSerializer.java:807)
	at com.fasterxml.jackson.databind.ser.std.MapSerializer.serializeWithoutTypeInfo(MapSerializer.java:763)
	at com.fasterxml.jackson.databind.ser.std.MapSerializer.serialize(MapSerializer.java:719)
	at com.fasterxml.jackson.databind.ser.std.MapSerializer.serialize(MapSerializer.java:34)
	at com.fasterxml.jackson.databind.ser.std.MapSerializer.serializeFields(MapSerializer.java:807)
	at com.fasterxml.jackson.databind.ser.std.MapSerializer.serializeWithoutTypeInfo(MapSerializer.java:763)
	at com.fasterxml.jackson.databind.ser.std.MapSerializer.serialize(MapSerializer.java:719)
	at com.fasterxml.jackson.databind.ser.std.MapSerializer.serialize(MapSerializer.java:34)
	at com.fasterxml.jackson.databind.ser.std.MapSerializer.serializeFields(MapSerializer.java:807)
	at com.fasterxml.jackson.databind.ser.std.MapSerializer.serializeWithoutTypeInfo(MapSerializer.java:763)
	at com.fasterxml.jackson.databind.ser.std.MapSerializer.serialize(MapSerializer.java:719)
	at com.fasterxml.jackson.databind.ser.std.MapSerializer.serialize(MapSerializer.java:34)
	at com.fasterxml.jackson.databind.ser.std.MapSerializer.serializeFields(MapSerializer.java:807)
	at com.fasterxml.jackson.databind.ser.std.MapSerializer.serializeWithoutTypeInfo(MapSerializer.java:763)
	at com.fasterxml.jackson.databind.ser.std.MapSerializer.serialize(MapSerializer.java:719)
	at com.fasterxml.jackson.databind.ser.std.MapSerializer.serialize(MapSerializer.java:34)
	at com.fasterxml.jackson.databind.ser.std.MapSerializer.serializeFields(MapSerializer.java:807)
	at com.fasterxml.jackson.databind.ser.std.MapSerializer.serializeWithoutTypeInfo(MapSerializer.java:763)
	at com.fasterxml.jackson.databind.ser.std.MapSerializer.serialize(MapSerializer.java:719)
	at com.fasterxml.jackson.databind.ser.std.MapSerializer.serialize(MapSerializer.java:34)
	at com.fasterxml.jackson.databind.ser.std.MapSerializer.serializeFields(MapSerializer.java:807)
	at com.fasterxml.jackson.databind.ser.std.MapSerializer.serializeWithoutTypeInfo(MapSerializer.java:763)
	at com.fasterxml.jackson.databind.ser.std.MapSerializer.serialize(MapSerializer.java:719)
	at com.fasterxml.jackson.databind.ser.std.MapSerializer.serialize(MapSerializer.java:34)
	at com.fasterxml.jackson.databind.ser.std.MapSerializer.serializeFields(MapSerializer.java:807)
	at com.fasterxml.jackson.databind.ser.std.MapSerializer.serializeWithoutTypeInfo(MapSerializer.java:763)
	at com.fasterxml.jackson.databind.ser.std.MapSerializer.serialize(MapSerializer.java:719)
	at com.fasterxml.jackson.databind.ser.std.MapSerializer.serialize(MapSerializer.java:34)
	at com.fasterxml.jackson.databind.ser.std.MapSerializer.serializeFields(MapSerializer.java:807)
	at com.fasterxml.jackson.databind.ser.std.MapSerializer.serializeWithoutTypeInfo(MapSerializer.java:763)
	at com.fasterxml.jackson.databind.ser.std.MapSerializer.serialize(MapSerializer.java:719)
	at com.fasterxml.jackson.databind.ser.std.MapSerializer.serialize(MapSerializer.java:34)
	at com.fasterxml.jackson.databind.ser.std.MapSerializer.serializeFields(MapSerializer.java:807)
	at com.fasterxml.jackson.databind.ser.std.MapSerializer.serializeWithoutTypeInfo(MapSerializer.java:763)
	at com.fasterxml.jackson.databind.ser.std.MapSerializer.serialize(MapSerializer.java:719)
	at com.fasterxml.jackson.databind.ser.std.MapSerializer.serialize(MapSerializer.java:34)
	at com.fasterxml.jackson.databind.ser.std.MapSerializer.serializeFields(MapSerializer.java:807)
	at com.fasterxml.jackson.databind.ser.std.MapSerializer.serializeWithoutTypeInfo(MapSerializer.java:763)
	at com.fasterxml.jackson.databind.ser.std.MapSerializer.serialize(MapSerializer.java:719)
	at com.fasterxml.jackson.databind.ser.std.MapSerializer.serialize(MapSerializer.java:34)
	at com.fasterxml.jackson.databind.ser.std.MapSerializer.serializeFields(MapSerializer.java:807)
	at com.fasterxml.jackson.databind.ser.std.MapSerializer.serializeWithoutTypeInfo(MapSerializer.java:763)
	at com.fasterxml.jackson.databind.ser.std.MapSerializer.serialize(MapSerializer.java:719)
	at com.fasterxml.jackson.databind.ser.std.MapSerializer.serialize(MapSerializer.java:34)
	at com.fasterxml.jackson.databind.ser.std.MapSerializer.serializeFields(MapSerializer.java:807)
	at com.fasterxml.jackson.databind.ser.std.MapSerializer.serializeWithoutTypeInfo(MapSerializer.java:763)
	at com.fasterxml.jackson.databind.ser.std.MapSerializer.serialize(MapSerializer.java:719)
	at com.fasterxml.jackson.databind.ser.std.MapSerializer.serialize(MapSerializer.java:34)
	at com.fasterxml.jackson.databind.ser.std.MapSerializer.serializeFields(MapSerializer.java:807)
	at com.fasterxml.jackson.databind.ser.std.MapSerializer.serializeWithoutTypeInfo(MapSerializer.java:763)
	at com.fasterxml.jackson.databind.ser.std.MapSerializer.serialize(MapSerializer.java:719)
	at com.fasterxml.jackson.databind.ser.std.MapSerializer.serialize(MapSerializer.java:34)
	at com.fasterxml.jackson.databind.ser.std.MapSerializer.serializeFields(MapSerializer.java:807)
	at com.fasterxml.jackson.databind.ser.std.MapSerializer.serializeWithoutTypeInfo(MapSerializer.java:763)
	at com.fasterxml.jackson.databind.ser.std.MapSerializer.serialize(MapSerializer.java:719)
	at com.fasterxml.jackson.databind.ser.std.MapSerializer.serialize(MapSerializer.java:34)
	at com.fasterxml.jackson.databind.ser.std.MapSerializer.serializeFields(MapSerializer.java:807)
	at com.fasterxml.jackson.databind.ser.std.MapSerializer.serializeWithoutTypeInfo(MapSerializer.java:763)
	at com.fasterxml.jackson.databind.ser.std.MapSerializer.serialize(MapSerializer.java:719)
	at com.fasterxml.jackson.databind.ser.std.MapSerializer.serialize(MapSerializer.java:34)
	at com.fasterxml.jackson.databind.ser.std.MapSerializer.serializeFields(MapSerializer.java:807)
	at com.fasterxml.jackson.databind.ser.std.MapSerializer.serializeWithoutTypeInfo(MapSerializer.java:763)
	at com.fasterxml.jackson.databind.ser.std.MapSerializer.serialize(MapSerializer.java:719)
	at com.fasterxml.jackson.databind.ser.std.MapSerializer.serialize(MapSerializer.java:34)
	at com.fasterxml.jackson.databind.ser.std.MapSerializer.serializeFields(MapSerializer.java:807)
	at com.fasterxml.jackson.databind.ser.std.MapSerializer.serializeWithoutTypeInfo(MapSerializer.java:763)
	at com.fasterxml.jackson.databind.ser.std.MapSerializer.serialize(MapSerializer.java:719)
	at com.fasterxml.jackson.databind.ser.std.MapSerializer.serialize(MapSerializer.java:34)
	at com.fasterxml.jackson.databind.ser.std.MapSerializer.serializeFields(MapSerializer.java:807)
	at com.fasterxml.jackson.databind.ser.std.MapSerializer.serializeWithoutTypeInfo(MapSerializer.java:763)
	at com.fasterxml.jackson.databind.ser.std.MapSerializer.serialize(MapSerializer.java:719)
	at com.fasterxml.jackson.databind.ser.std.MapSerializer.serialize(MapSerializer.java:34)
	at com.fasterxml.jackson.databind.ser.std.MapSerializer.serializeFields(MapSerializer.java:807)
	at com.fasterxml.jackson.databind.ser.std.MapSerializer.serializeWithoutTypeInfo(MapSerializer.java:763)
	at com.fasterxml.jackson.databind.ser.std.MapSerializer.serialize(MapSerializer.java:719)
	at com.fasterxml.jackson.databind.ser.std.MapSerializer.serialize(MapSerializer.java:34)
	at com.fasterxml.jackson.databind.ser.std.MapSerializer.serializeFields(MapSerializer.java:807)
	at com.fasterxml.jackson.databind.ser.std.MapSerializer.serializeWithoutTypeInfo(MapSerializer.java:763)
	at com.fasterxml.jackson.databind.ser.std.MapSerializer.serialize(MapSerializer.java:719)
	at com.fasterxml.jackson.databind.ser.std.MapSerializer.serialize(MapSerializer.java:34)
	at com.fasterxml.jackson.databind.ser.std.MapSerializer.serializeFields(MapSerializer.java:807)
	at com.fasterxml.jackson.databind.ser.std.MapSerializer.serializeWithoutTypeInfo(MapSerializer.java:763)
	at com.fasterxml.jackson.databind.ser.std.MapSerializer.serialize(MapSerializer.java:719)
	at com.fasterxml.jackson.databind.ser.std.MapSerializer.serialize(MapSerializer.java:34)
	at com.fasterxml.jackson.databind.ser.std.MapSerializer.serializeFields(MapSerializer.java:807)
	at com.fasterxml.jackson.databind.ser.std.MapSerializer.serializeWithoutTypeInfo(MapSerializer.java:763)
	at com.fasterxml.jackson.databind.ser.std.MapSerializer.serialize(MapSerializer.java:719)
	at com.fasterxml.jackson.databind.ser.std.MapSerializer.serialize(MapSerializer.java:34)
	at com.fasterxml.jackson.databind.ser.std.MapSerializer.serializeFields(MapSerializer.java:807)
	at com.fasterxml.jackson.databind.ser.std.MapSerializer.serializeWithoutTypeInfo(MapSerializer.java:763)
	at com.fasterxml.jackson.databind.ser.std.MapSerializer.serialize(MapSerializer.java:719)
	at com.fasterxml.jackson.databind.ser.std.MapSerializer.serialize(MapSerializer.java:34)
	at com.fasterxml.jackson.databind.ser.std.MapSerializer.serializeFields(MapSerializer.java:807)
	at com.fasterxml.jackson.databind.ser.std.MapSerializer.serializeWithoutTypeInfo(MapSerializer.java:763)
	at com.fasterxml.jackson.databind.ser.std.MapSerializer.serialize(MapSerializer.java:719)
	at com.fasterxml.jackson.databind.ser.std.MapSerializer.serialize(MapSerializer.java:34)
	at com.fasterxml.jackson.databind.ser.std.MapSerializer.serializeFields(MapSerializer.java:807)
	at com.fasterxml.jackson.databind.ser.std.MapSerializer.serializeWithoutTypeInfo(MapSerializer.java:763)
	at com.fasterxml.jackson.databind.ser.std.MapSerializer.serialize(MapSerializer.java:719)
	at com.fasterxml.jackson.databind.ser.std.MapSerializer.serialize(MapSerializer.java:34)
	at com.fasterxml.jackson.databind.ser.std.MapSerializer.serializeFields(MapSerializer.java:807)
	at com.fasterxml.jackson.databind.ser.std.MapSerializer.serializeWithoutTypeInfo(MapSerializer.java:763)
	at com.fasterxml.jackson.databind.ser.std.MapSerializer.serialize(MapSerializer.java:719)
	at com.fasterxml.jackson.databind.ser.std.MapSerializer.serialize(MapSerializer.java:34)
	at com.fasterxml.jackson.databind.ser.std.MapSerializer.serializeFields(MapSerializer.java:807)
	at com.fasterxml.jackson.databind.ser.std.MapSerializer.serializeWithoutTypeInfo(MapSerializer.java:763)
	at com.fasterxml.jackson.databind.ser.std.MapSerializer.serialize(MapSerializer.java:719)
	at com.fasterxml.jackson.databind.ser.std.MapSerializer.serialize(MapSerializer.java:34)
	at com.fasterxml.jackson.databind.ser.std.MapSerializer.serializeFields(MapSerializer.java:807)
	at com.fasterxml.jackson.databind.ser.std.MapSerializer.serializeWithoutTypeInfo(MapSerializer.java:763)
	at com.fasterxml.jackson.databind.ser.std.MapSerializer.serialize(MapSerializer.java:719)
	at com.fasterxml.jackson.databind.ser.std.MapSerializer.serialize(MapSerializer.java:34)
	at com.fasterxml.jackson.databind.ser.std.MapSerializer.serializeFields(MapSerializer.java:807)
	at com.fasterxml.jackson.databind.ser.std.MapSerializer.serializeWithoutTypeInfo(MapSerializer.java:763)
	at com.fasterxml.jackson.databind.ser.std.MapSerializer.serialize(MapSerializer.java:719)
	at com.fasterxml.jackson.databind.ser.std.MapSerializer.serialize(MapSerializer.java:34)
	at com.fasterxml.jackson.databind.ser.std.MapSerializer.serializeFields(MapSerializer.java:807)
	at com.fasterxml.jackson.databind.ser.std.MapSerializer.serializeWithoutTypeInfo(MapSerializer.java:763)
	at com.fasterxml.jackson.databind.ser.std.MapSerializer.serialize(MapSerializer.java:719)
	at com.fasterxml.jackson.databind.ser.std.MapSerializer.serialize(MapSerializer.java:34)
	at com.fasterxml.jackson.databind.ser.std.MapSerializer.serializeFields(MapSerializer.java:807)
	at com.fasterxml.jackson.databind.ser.std.MapSerializer.serializeWithoutTypeInfo(MapSerializer.java:763)
	at com.fasterxml.jackson.databind.ser.std.MapSerializer.serialize(MapSerializer.java:719)
	at com.fasterxml.jackson.databind.ser.std.MapSerializer.serialize(MapSerializer.java:34)
	at com.fasterxml.jackson.databind.ser.std.MapSerializer.serializeFields(MapSerializer.java:807)
	at com.fasterxml.jackson.databind.ser.std.MapSerializer.serializeWithoutTypeInfo(MapSerializer.java:763)
	at com.fasterxml.jackson.databind.ser.std.MapSerializer.serialize(MapSerializer.java:719)
	at com.fasterxml.jackson.databind.ser.std.MapSerializer.serialize(MapSerializer.java:34)
	at com.fasterxml.jackson.databind.ser.std.MapSerializer.serializeFields(MapSerializer.java:807)
	at com.fasterxml.jackson.databind.ser.std.MapSerializer.serializeWithoutTypeInfo(MapSerializer.java:763)
	at com.fasterxml.jackson.databind.ser.std.MapSerializer.serialize(MapSerializer.java:719)
	at com.fasterxml.jackson.databind.ser.std.MapSerializer.serialize(MapSerializer.java:34)
	at com.fasterxml.jackson.databind.ser.std.MapSerializer.serializeFields(MapSerializer.java:807)
	at com.fasterxml.jackson.databind.ser.std.MapSerializer.serializeWithoutTypeInfo(MapSerializer.java:763)
	at com.fasterxml.jackson.databind.ser.std.MapSerializer.serialize(MapSerializer.java:719)
	at com.fasterxml.jackson.databind.ser.std.MapSerializer.serialize(MapSerializer.java:34)
	at com.fasterxml.jackson.databind.ser.std.MapSerializer.serializeFields(MapSerializer.java:807)
	at com.fasterxml.jackson.databind.ser.std.MapSerializer.serializeWithoutTypeInfo(MapSerializer.java:763)
	at com.fasterxml.jackson.databind.ser.std.MapSerializer.serialize(MapSerializer.java:719)
	at com.fasterxml.jackson.databind.ser.std.MapSerializer.serialize(MapSerializer.java:34)
	at com.fasterxml.jackson.databind.ser.std.MapSerializer.serializeFields(MapSerializer.java:807)
	at com.fasterxml.jackson.databind.ser.std.MapSerializer.serializeWithoutTypeInfo(MapSerializer.java:763)
	at com.fasterxml.jackson.databind.ser.std.MapSerializer.serialize(MapSerializer.java:719)
	at com.fasterxml.jackson.databind.ser.std.MapSerializer.serialize(MapSerializer.java:34)
	at com.fasterxml.jackson.databind.ser.std.MapSerializer.serializeFields(MapSerializer.java:807)
	at com.fasterxml.jackson.databind.ser.std.MapSerializer.serializeWithoutTypeInfo(MapSerializer.java:763)
	at com.fasterxml.jackson.databind.ser.std.MapSerializer.serialize(MapSerializer.java:719)
	at com.fasterxml.jackson.databind.ser.std.MapSerializer.serialize(MapSerializer.java:34)
	at com.fasterxml.jackson.databind.ser.std.MapSerializer.serializeFields(MapSerializer.java:807)
	at com.fasterxml.jackson.databind.ser.std.MapSerializer.serializeWithoutTypeInfo(MapSerializer.java:763)
	at com.fasterxml.jackson.databind.ser.std.MapSerializer.serialize(MapSerializer.java:719)
	at com.fasterxml.jackson.databind.ser.std.MapSerializer.serialize(MapSerializer.java:34)
	at com.fasterxml.jackson.databind.ser.std.MapSerializer.serializeFields(MapSerializer.java:807)
	at com.fasterxml.jackson.databind.ser.std.MapSerializer.serializeWithoutTypeInfo(MapSerializer.java:763)
	at com.fasterxml.jackson.databind.ser.std.MapSerializer.serialize(MapSerializer.java:719)
	at com.fasterxml.jackson.databind.ser.std.MapSerializer.serialize(MapSerializer.java:34)
	at com.fasterxml.jackson.databind.ser.std.MapSerializer.serializeFields(MapSerializer.java:807)
	at com.fasterxml.jackson.databind.ser.std.MapSerializer.serializeWithoutTypeInfo(MapSerializer.java:763)
	at com.fasterxml.jackson.databind.ser.std.MapSerializer.serialize(MapSerializer.java:719)
	at com.fasterxml.jackson.databind.ser.std.MapSerializer.serialize(MapSerializer.java:34)
	at com.fasterxml.jackson.databind.ser.std.MapSerializer.serializeFields(MapSerializer.java:807)
	at com.fasterxml.jackson.databind.ser.std.MapSerializer.serializeWithoutTypeInfo(MapSerializer.java:763)
	at com.fasterxml.jackson.databind.ser.std.MapSerializer.serialize(MapSerializer.java:719)
	at com.fasterxml.jackson.databind.ser.std.MapSerializer.serialize(MapSerializer.java:34)
	at com.fasterxml.jackson.databind.ser.std.MapSerializer.serializeFields(MapSerializer.java:807)
	at com.fasterxml.jackson.databind.ser.std.MapSerializer.serializeWithoutTypeInfo(MapSerializer.java:763)
	at com.fasterxml.jackson.databind.ser.std.MapSerializer.serialize(MapSerializer.java:719)
	at com.fasterxml.jackson.databind.ser.std.MapSerializer.serialize(MapSerializer.java:34)
	at com.fasterxml.jackson.databind.ser.std.MapSerializer.serializeFields(MapSerializer.java:807)
	at com.fasterxml.jackson.databind.ser.std.MapSerializer.serializeWithoutTypeInfo(MapSerializer.java:763)
	at com.fasterxml.jackson.databind.ser.std.MapSerializer.serialize(MapSerializer.java:719)
	at com.fasterxml.jackson.databind.ser.std.MapSerializer.serialize(MapSerializer.java:34)
	at com.fasterxml.jackson.databind.ser.std.MapSerializer.serializeFields(MapSerializer.java:807)
	at com.fasterxml.jackson.databind.ser.std.MapSerializer.serializeWithoutTypeInfo(MapSerializer.java:763)
	at com.fasterxml.jackson.databind.ser.std.MapSerializer.serialize(MapSerializer.java:719)
	at com.fasterxml.jackson.databind.ser.std.MapSerializer.serialize(MapSerializer.java:34)
	at com.fasterxml.jackson.databind.ser.std.MapSerializer.serializeFields(MapSerializer.java:807)
	at com.fasterxml.jackson.databind.ser.std.MapSerializer.serializeWithoutTypeInfo(MapSerializer.java:763)
	at com.fasterxml.jackson.databind.ser.std.MapSerializer.serialize(MapSerializer.java:719)
	at com.fasterxml.jackson.databind.ser.std.MapSerializer.serialize(MapSerializer.java:34)
	at com.fasterxml.jackson.databind.ser.std.MapSerializer.serializeFields(MapSerializer.java:807)
	at com.fasterxml.jackson.databind.ser.std.MapSerializer.serializeWithoutTypeInfo(MapSerializer.java:763)
	at com.fasterxml.jackson.databind.ser.std.MapSerializer.serialize(MapSerializer.java:719)
	at com.fasterxml.jackson.databind.ser.std.MapSerializer.serialize(MapSerializer.java:34)
	at com.fasterxml.jackson.databind.ser.std.MapSerializer.serializeFields(MapSerializer.java:807)
	at com.fasterxml.jackson.databind.ser.std.MapSerializer.serializeWithoutTypeInfo(MapSerializer.java:763)
	at com.fasterxml.jackson.databind.ser.std.MapSerializer.serialize(MapSerializer.java:719)
	at com.fasterxml.jackson.databind.ser.std.MapSerializer.serialize(MapSerializer.java:34)
	at com.fasterxml.jackson.databind.ser.std.MapSerializer.serializeFields(MapSerializer.java:807)
	at com.fasterxml.jackson.databind.ser.std.MapSerializer.serializeWithoutTypeInfo(MapSerializer.java:763)
	at com.fasterxml.jackson.databind.ser.std.MapSerializer.serialize(MapSerializer.java:719)
	at com.fasterxml.jackson.databind.ser.std.MapSerializer.serialize(MapSerializer.java:34)
	at com.fasterxml.jackson.databind.ser.std.MapSerializer.serializeFields(MapSerializer.java:807)
	at com.fasterxml.jackson.databind.ser.std.MapSerializer.serializeWithoutTypeInfo(MapSerializer.java:763)
	at com.fasterxml.jackson.databind.ser.std.MapSerializer.serialize(MapSerializer.java:719)
	at com.fasterxml.jackson.databind.ser.std.MapSerializer.serialize(MapSerializer.java:34)
	at com.fasterxml.jackson.databind.ser.std.MapSerializer.serializeFields(MapSerializer.java:807)
	at com.fasterxml.jackson.databind.ser.std.MapSerializer.serializeWithoutTypeInfo(MapSerializer.java:763)
	at com.fasterxml.jackson.databind.ser.std.MapSerializer.serialize(MapSerializer.java:719)
	at com.fasterxml.jackson.databind.ser.std.MapSerializer.serialize(MapSerializer.java:34)
	at com.fasterxml.jackson.databind.ser.std.MapSerializer.serializeFields(MapSerializer.java:807)
	at com.fasterxml.jackson.databind.ser.std.MapSerializer.serializeWithoutTypeInfo(MapSerializer.java:763)
	at com.fasterxml.jackson.databind.ser.std.MapSerializer.serialize(MapSerializer.java:719)
	at com.fasterxml.jackson.databind.ser.std.MapSerializer.serialize(MapSerializer.java:34)
	at com.fasterxml.jackson.databind.ser.std.MapSerializer.serializeFields(MapSerializer.java:807)
	at com.fasterxml.jackson.databind.ser.std.MapSerializer.serializeWithoutTypeInfo(MapSerializer.java:763)
	at com.fasterxml.jackson.databind.ser.std.MapSerializer.serialize(MapSerializer.java:719)
	at com.fasterxml.jackson.databind.ser.std.MapSerializer.serialize(MapSerializer.java:34)
	at com.fasterxml.jackson.databind.ser.std.MapSerializer.serializeFields(MapSerializer.java:807)
	at com.fasterxml.jackson.databind.ser.std.MapSerializer.serializeWithoutTypeInfo(MapSerializer.java:763)
	at com.fasterxml.jackson.databind.ser.std.MapSerializer.serialize(MapSerializer.java:719)
	at com.fasterxml.jackson.databind.ser.std.MapSerializer.serialize(MapSerializer.java:34)
	at com.fasterxml.jackson.databind.ser.std.MapSerializer.serializeFields(MapSerializer.java:807)
	at com.fasterxml.jackson.databind.ser.std.MapSerializer.serializeWithoutTypeInfo(MapSerializer.java:763)
	at com.fasterxml.jackson.databind.ser.std.MapSerializer.serialize(MapSerializer.java:719)
	at com.fasterxml.jackson.databind.ser.std.MapSerializer.serialize(MapSerializer.java:34)
	at com.fasterxml.jackson.databind.ser.std.MapSerializer.serializeFields(MapSerializer.java:807)
	at com.fasterxml.jackson.databind.ser.std.MapSerializer.serializeWithoutTypeInfo(MapSerializer.java:763)
	at com.fasterxml.jackson.databind.ser.std.MapSerializer.serialize(MapSerializer.java:719)
	at com.fasterxml.jackson.databind.ser.std.MapSerializer.serialize(MapSerializer.java:34)
	at com.fasterxml.jackson.databind.ser.std.MapSerializer.serializeFields(MapSerializer.java:807)
	at com.fasterxml.jackson.databind.ser.std.MapSerializer.serializeWithoutTypeInfo(MapSerializer.java:763)
	at com.fasterxml.jackson.databind.ser.std.MapSerializer.serialize(MapSerializer.java:719)
	at com.fasterxml.jackson.databind.ser.std.MapSerializer.serialize(MapSerializer.java:34)
	at com.fasterxml.jackson.databind.ser.std.MapSerializer.serializeFields(MapSerializer.java:807)
	at com.fasterxml.jackson.databind.ser.std.MapSerializer.serializeWithoutTypeInfo(MapSerializer.java:763)
	at com.fasterxml.jackson.databind.ser.std.MapSerializer.serialize(MapSerializer.java:719)
	at com.fasterxml.jackson.databind.ser.std.MapSerializer.serialize(MapSerializer.java:34)
	at com.fasterxml.jackson.databind.ser.std.MapSerializer.serializeFields(MapSerializer.java:807)
	at com.fasterxml.jackson.databind.ser.std.MapSerializer.serializeWithoutTypeInfo(MapSerializer.java:763)
	at com.fasterxml.jackson.databind.ser.std.MapSerializer.serialize(MapSerializer.java:719)
	at com.fasterxml.jackson.databind.ser.std.MapSerializer.serialize(MapSerializer.java:34)
	at com.fasterxml.jackson.databind.ser.std.MapSerializer.serializeFields(MapSerializer.java:807)
	at com.fasterxml.jackson.databind.ser.std.MapSerializer.serializeWithoutTypeInfo(MapSerializer.java:763)
	at com.fasterxml.jackson.databind.ser.std.MapSerializer.serialize(MapSerializer.java:719)
	at com.fasterxml.jackson.databind.ser.std.MapSerializer.serialize(MapSerializer.java:34)
	at com.fasterxml.jackson.databind.ser.std.MapSerializer.serializeFields(MapSerializer.java:807)
	at com.fasterxml.jackson.databind.ser.std.MapSerializer.serializeWithoutTypeInfo(MapSerializer.java:763)
	at com.fasterxml.jackson.databind.ser.std.MapSerializer.serialize(MapSerializer.java:719)
	at com.fasterxml.jackson.databind.ser.std.MapSerializer.serialize(MapSerializer.java:34)
	at com.fasterxml.jackson.databind.ser.std.MapSerializer.serializeFields(MapSerializer.java:807)
	at com.fasterxml.jackson.databind.ser.std.MapSerializer.serializeWithoutTypeInfo(MapSerializer.java:763)
	at com.fasterxml.jackson.databind.ser.std.MapSerializer.serialize(MapSerializer.java:719)
	at com.fasterxml.jackson.databind.ser.std.MapSerializer.serialize(MapSerializer.java:34)
	at com.fasterxml.jackson.databind.ser.std.MapSerializer.serializeFields(MapSerializer.java:807)
	at com.fasterxml.jackson.databind.ser.std.MapSerializer.serializeWithoutTypeInfo(MapSerializer.java:763)
	at com.fasterxml.jackson.databind.ser.std.MapSerializer.serialize(MapSerializer.java:719)
	at com.fasterxml.jackson.databind.ser.std.MapSerializer.serialize(MapSerializer.java:34)
	at com.fasterxml.jackson.databind.ser.std.MapSerializer.serializeFields(MapSerializer.java:807)
	at com.fasterxml.jackson.databind.ser.std.MapSerializer.serializeWithoutTypeInfo(MapSerializer.java:763)
	at com.fasterxml.jackson.databind.ser.std.MapSerializer.serialize(MapSerializer.java:719)
	at com.fasterxml.jackson.databind.ser.std.MapSerializer.serialize(MapSerializer.java:34)
	at com.fasterxml.jackson.databind.ser.std.MapSerializer.serializeFields(MapSerializer.java:807)
	at com.fasterxml.jackson.databind.ser.std.MapSerializer.serializeWithoutTypeInfo(MapSerializer.java:763)
	at com.fasterxml.jackson.databind.ser.std.MapSerializer.serialize(MapSerializer.java:719)
	at com.fasterxml.jackson.databind.ser.std.MapSerializer.serialize(MapSerializer.java:34)
	at com.fasterxml.jackson.databind.ser.std.MapSerializer.serializeFields(MapSerializer.java:807)
	at com.fasterxml.jackson.databind.ser.std.MapSerializer.serializeWithoutTypeInfo(MapSerializer.java:763)
	at com.fasterxml.jackson.databind.ser.std.MapSerializer.serialize(MapSerializer.java:719)
	at com.fasterxml.jackson.databind.ser.std.MapSerializer.serialize(MapSerializer.java:34)
	at com.fasterxml.jackson.databind.ser.std.MapSerializer.serializeFields(MapSerializer.java:807)
	at com.fasterxml.jackson.databind.ser.std.MapSerializer.serializeWithoutTypeInfo(MapSerializer.java:763)
	at com.fasterxml.jackson.databind.ser.std.MapSerializer.serialize(MapSerializer.java:719)
	at com.fasterxml.jackson.databind.ser.std.MapSerializer.serialize(MapSerializer.java:34)
	at com.fasterxml.jackson.databind.ser.std.MapSerializer.serializeFields(MapSerializer.java:807)
	at com.fasterxml.jackson.databind.ser.std.MapSerializer.serializeWithoutTypeInfo(MapSerializer.java:763)
	at com.fasterxml.jackson.databind.ser.std.MapSerializer.serialize(MapSerializer.java:719)
	at com.fasterxml.jackson.databind.ser.std.MapSerializer.serialize(MapSerializer.java:34)
	at com.fasterxml.jackson.databind.ser.std.MapSerializer.serializeFields(MapSerializer.java:807)
	at com.fasterxml.jackson.databind.ser.std.MapSerializer.serializeWithoutTypeInfo(MapSerializer.java:763)
	at com.fasterxml.jackson.databind.ser.std.MapSerializer.serialize(MapSerializer.java:719)
	at com.fasterxml.jackson.databind.ser.std.MapSerializer.serialize(MapSerializer.java:34)
	at com.fasterxml.jackson.databind.ser.std.MapSerializer.serializeFields(MapSerializer.java:807)
	at com.fasterxml.jackson.databind.ser.std.MapSerializer.serializeWithoutTypeInfo(MapSerializer.java:763)
	at com.fasterxml.jackson.databind.ser.std.MapSerializer.serialize(MapSerializer.java:719)
	at com.fasterxml.jackson.databind.ser.std.MapSerializer.serialize(MapSerializer.java:34)
	at com.fasterxml.jackson.databind.ser.std.MapSerializer.serializeFields(MapSerializer.java:807)
	at com.fasterxml.jackson.databind.ser.std.MapSerializer.serializeWithoutTypeInfo(MapSerializer.java:763)
	at com.fasterxml.jackson.databind.ser.std.MapSerializer.serialize(MapSerializer.java:719)
	at com.fasterxml.jackson.databind.ser.std.MapSerializer.serialize(MapSerializer.java:34)
	at com.fasterxml.jackson.databind.ser.std.MapSerializer.serializeFields(MapSerializer.java:807)
	at com.fasterxml.jackson.databind.ser.std.MapSerializer.serializeWithoutTypeInfo(MapSerializer.java:763)
	at com.fasterxml.jackson.databind.ser.std.MapSerializer.serialize(MapSerializer.java:719)
	at com.fasterxml.jackson.databind.ser.std.MapSerializer.serialize(MapSerializer.java:34)
	at com.fasterxml.jackson.databind.ser.std.MapSerializer.serializeFields(MapSerializer.java:807)
	at com.fasterxml.jackson.databind.ser.std.MapSerializer.serializeWithoutTypeInfo(MapSerializer.java:763)
	at com.fasterxml.jackson.databind.ser.std.MapSerializer.serialize(MapSerializer.java:719)
	at com.fasterxml.jackson.databind.ser.std.MapSerializer.serialize(MapSerializer.java:34)
	at com.fasterxml.jackson.databind.ser.std.MapSerializer.serializeFields(MapSerializer.java:807)
	at com.fasterxml.jackson.databind.ser.std.MapSerializer.serializeWithoutTypeInfo(MapSerializer.java:763)
	at com.fasterxml.jackson.databind.ser.std.MapSerializer.serialize(MapSerializer.java:719)
	at com.fasterxml.jackson.databind.ser.std.MapSerializer.serialize(MapSerializer.java:34)
	at com.fasterxml.jackson.databind.ser.std.MapSerializer.serializeFields(MapSerializer.java:807)
	at com.fasterxml.jackson.databind.ser.std.MapSerializer.serializeWithoutTypeInfo(MapSerializer.java:763)
	at com.fasterxml.jackson.databind.ser.std.MapSerializer.serialize(MapSerializer.java:719)
	at com.fasterxml.jackson.databind.ser.std.MapSerializer.serialize(MapSerializer.java:34)
	at com.fasterxml.jackson.databind.ser.std.MapSerializer.serializeFields(MapSerializer.java:807)
	at com.fasterxml.jackson.databind.ser.std.MapSerializer.serializeWithoutTypeInfo(MapSerializer.java:763)
	at com.fasterxml.jackson.databind.ser.std.MapSerializer.serialize(MapSerializer.java:719)
	at com.fasterxml.jackson.databind.ser.std.MapSerializer.serialize(MapSerializer.java:34)
	at com.fasterxml.jackson.databind.ser.std.MapSerializer.serializeFields(MapSerializer.java:807)
	at com.fasterxml.jackson.databind.ser.std.MapSerializer.serializeWithoutTypeInfo(MapSerializer.java:763)
	at com.fasterxml.jackson.databind.ser.std.MapSerializer.serialize(MapSerializer.java:719)
	at com.fasterxml.jackson.databind.ser.std.MapSerializer.serialize(MapSerializer.java:34)
	at com.fasterxml.jackson.databind.ser.std.MapSerializer.serializeFields(MapSerializer.java:807)
	at com.fasterxml.jackson.databind.ser.std.MapSerializer.serializeWithoutTypeInfo(MapSerializer.java:763)
	at com.fasterxml.jackson.databind.ser.std.MapSerializer.serialize(MapSerializer.java:719)
	at com.fasterxml.jackson.databind.ser.std.MapSerializer.serialize(MapSerializer.java:34)
	at com.fasterxml.jackson.databind.ser.std.MapSerializer.serializeFields(MapSerializer.java:807)
	at com.fasterxml.jackson.databind.ser.std.MapSerializer.serializeWithoutTypeInfo(MapSerializer.java:763)
	at com.fasterxml.jackson.databind.ser.std.MapSerializer.serialize(MapSerializer.java:719)
	at com.fasterxml.jackson.databind.ser.std.MapSerializer.serialize(MapSerializer.java:34)
	at com.fasterxml.jackson.databind.ser.std.MapSerializer.serializeFields(MapSerializer.java:807)
	at com.fasterxml.jackson.databind.ser.std.MapSerializer.serializeWithoutTypeInfo(MapSerializer.java:763)
	at com.fasterxml.jackson.databind.ser.std.MapSerializer.serialize(MapSerializer.java:719)
	at com.fasterxml.jackson.databind.ser.std.MapSerializer.serialize(MapSerializer.java:34)
	at com.fasterxml.jackson.databind.ser.std.MapSerializer.serializeFields(MapSerializer.java:807)
	at com.fasterxml.jackson.databind.ser.std.MapSerializer.serializeWithoutTypeInfo(MapSerializer.java:763)
	at com.fasterxml.jackson.databind.ser.std.MapSerializer.serialize(MapSerializer.java:719)
	at com.fasterxml.jackson.databind.ser.std.MapSerializer.serialize(MapSerializer.java:34)
	at com.fasterxml.jackson.databind.ser.std.MapSerializer.serializeFields(MapSerializer.java:807)
	at com.fasterxml.jackson.databind.ser.std.MapSerializer.serializeWithoutTypeInfo(MapSerializer.java:763)
	at com.fasterxml.jackson.databind.ser.std.MapSerializer.serialize(MapSerializer.java:719)
	at com.fasterxml.jackson.databind.ser.std.MapSerializer.serialize(MapSerializer.java:34)
	at com.fasterxml.jackson.databind.ser.std.MapSerializer.serializeFields(MapSerializer.java:807)
	at com.fasterxml.jackson.databind.ser.std.MapSerializer.serializeWithoutTypeInfo(MapSerializer.java:763)
	at com.fasterxml.jackson.databind.ser.std.MapSerializer.serialize(MapSerializer.java:719)
	at com.fasterxml.jackson.databind.ser.std.MapSerializer.serialize(MapSerializer.java:34)
	at com.fasterxml.jackson.databind.ser.std.MapSerializer.serializeFields(MapSerializer.java:807)
	at com.fasterxml.jackson.databind.ser.std.MapSerializer.serializeWithoutTypeInfo(MapSerializer.java:763)
	at com.fasterxml.jackson.databind.ser.std.MapSerializer.serialize(MapSerializer.java:719)
	at com.fasterxml.jackson.databind.ser.std.MapSerializer.serialize(MapSerializer.java:34)
	at com.fasterxml.jackson.databind.ser.std.MapSerializer.serializeFields(MapSerializer.java:807)
	at com.fasterxml.jackson.databind.ser.std.MapSerializer.serializeWithoutTypeInfo(MapSerializer.java:763)
	at com.fasterxml.jackson.databind.ser.std.MapSerializer.serialize(MapSerializer.java:719)
	at com.fasterxml.jackson.databind.ser.std.MapSerializer.serialize(MapSerializer.java:34)
	at com.fasterxml.jackson.databind.ser.std.MapSerializer.serializeFields(MapSerializer.java:807)
	at com.fasterxml.jackson.databind.ser.std.MapSerializer.serializeWithoutTypeInfo(MapSerializer.java:763)
	at com.fasterxml.jackson.databind.ser.std.MapSerializer.serialize(MapSerializer.java:719)
	at com.fasterxml.jackson.databind.ser.std.MapSerializer.serialize(MapSerializer.java:34)
	at com.fasterxml.jackson.databind.ser.std.MapSerializer.serializeFields(MapSerializer.java:807)
	at com.fasterxml.jackson.databind.ser.std.MapSerializer.serializeWithoutTypeInfo(MapSerializer.java:763)
	at com.fasterxml.jackson.databind.ser.std.MapSerializer.serialize(MapSerializer.java:719)
	at com.fasterxml.jackson.databind.ser.std.MapSerializer.serialize(MapSerializer.java:34)
	at com.fasterxml.jackson.databind.ser.std.MapSerializer.serializeFields(MapSerializer.java:807)
	at com.fasterxml.jackson.databind.ser.std.MapSerializer.serializeWithoutTypeInfo(MapSerializer.java:763)
	at com.fasterxml.jackson.databind.ser.std.MapSerializer.serialize(MapSerializer.java:719)
	at com.fasterxml.jackson.databind.ser.std.MapSerializer.serialize(MapSerializer.java:34)
	at com.fasterxml.jackson.databind.ser.std.MapSerializer.serializeFields(MapSerializer.java:807)
	at com.fasterxml.jackson.databind.ser.std.MapSerializer.serializeWithoutTypeInfo(MapSerializer.java:763)
	at com.fasterxml.jackson.databind.ser.std.MapSerializer.serialize(MapSerializer.java:719)
	at com.fasterxml.jackson.databind.ser.std.MapSerializer.serialize(MapSerializer.java:34)
	at com.fasterxml.jackson.databind.ser.std.MapSerializer.serializeFields(MapSerializer.java:807)
	at com.fasterxml.jackson.databind.ser.std.MapSerializer.serializeWithoutTypeInfo(MapSerializer.java:763)
	at com.fasterxml.jackson.databind.ser.std.MapSerializer.serialize(MapSerializer.java:719)
	at com.fasterxml.jackson.databind.ser.std.MapSerializer.serialize(MapSerializer.java:34)
	at com.fasterxml.jackson.databind.ser.std.MapSerializer.serializeFields(MapSerializer.java:807)
	at com.fasterxml.jackson.databind.ser.std.MapSerializer.serializeWithoutTypeInfo(MapSerializer.java:763)
	at com.fasterxml.jackson.databind.ser.std.MapSerializer.serialize(MapSerializer.java:719)
	at com.fasterxml.jackson.databind.ser.std.MapSerializer.serialize(MapSerializer.java:34)
	at com.fasterxml.jackson.databind.ser.std.MapSerializer.serializeFields(MapSerializer.java:807)
	at com.fasterxml.jackson.databind.ser.std.MapSerializer.serializeWithoutTypeInfo(MapSerializer.java:763)
	at com.fasterxml.jackson.databind.ser.std.MapSerializer.serialize(MapSerializer.java:719)
	at com.fasterxml.jackson.databind.ser.std.MapSerializer.serialize(MapSerializer.java:34)
	at com.fasterxml.jackson.databind.ser.std.MapSerializer.serializeFields(MapSerializer.java:807)
	at com.fasterxml.jackson.databind.ser.std.MapSerializer.serializeWithoutTypeInfo(MapSerializer.java:763)
	at com.fasterxml.jackson.databind.ser.std.MapSerializer.serialize(MapSerializer.java:719)
	at com.fasterxml.jackson.databind.ser.std.MapSerializer.serialize(MapSerializer.java:34)
	at com.fasterxml.jackson.databind.ser.std.MapSerializer.serializeFields(MapSerializer.java:807)
	at com.fasterxml.jackson.databind.ser.std.MapSerializer.serializeWithoutTypeInfo(MapSerializer.java:763)
	at com.fasterxml.jackson.databind.ser.std.MapSerializer.serialize(MapSerializer.java:719)
	at com.fasterxml.jackson.databind.ser.std.MapSerializer.serialize(MapSerializer.java:34)
	at com.fasterxml.jackson.databind.ser.std.MapSerializer.serializeFields(MapSerializer.java:807)
	at com.fasterxml.jackson.databind.ser.std.MapSerializer.serializeWithoutTypeInfo(MapSerializer.java:763)
	at com.fasterxml.jackson.databind.ser.std.MapSerializer.serialize(MapSerializer.java:719)
	at com.fasterxml.jackson.databind.ser.std.MapSerializer.serialize(MapSerializer.java:34)
	at com.fasterxml.jackson.databind.ser.std.MapSerializer.serializeFields(MapSerializer.java:807)
	at com.fasterxml.jackson.databind.ser.std.MapSerializer.serializeWithoutTypeInfo(MapSerializer.java:763)
	at com.fasterxml.jackson.databind.ser.std.MapSerializer.serialize(MapSerializer.java:719)
	at com.fasterxml.jackson.databind.ser.std.MapSerializer.serialize(MapSerializer.java:34)
	at com.fasterxml.jackson.databind.ser.std.MapSerializer.serializeFields(MapSerializer.java:807)
	at com.fasterxml.jackson.databind.ser.std.MapSerializer.serializeWithoutTypeInfo(MapSerializer.java:763)
	at com.fasterxml.jackson.databind.ser.std.MapSerializer.serialize(MapSerializer.java:719)
	at com.fasterxml.jackson.databind.ser.std.MapSerializer.serialize(MapSerializer.java:34)
	at com.fasterxml.jackson.databind.ser.std.MapSerializer.serializeFields(MapSerializer.java:807)
	at com.fasterxml.jackson.databind.ser.std.MapSerializer.serializeWithoutTypeInfo(MapSerializer.java:763)
	at com.fasterxml.jackson.databind.ser.std.MapSerializer.serialize(MapSerializer.java:719)
	at com.fasterxml.jackson.databind.ser.std.MapSerializer.serialize(MapSerializer.java:34)
	at com.fasterxml.jackson.databind.ser.std.MapSerializer.serializeFields(MapSerializer.java:807)
	at com.fasterxml.jackson.databind.ser.std.MapSerializer.serializeWithoutTypeInfo(MapSerializer.java:763)
	at com.fasterxml.jackson.databind.ser.std.MapSerializer.serialize(MapSerializer.java:719)
	at com.fasterxml.jackson.databind.ser.std.MapSerializer.serialize(MapSerializer.java:34)
	at com.fasterxml.jackson.databind.ser.std.MapSerializer.serializeFields(MapSerializer.java:807)
	at com.fasterxml.jackson.databind.ser.std.MapSerializer.serializeWithoutTypeInfo(MapSerializer.java:763)
	at com.fasterxml.jackson.databind.ser.std.MapSerializer.serialize(MapSerializer.java:719)
	at com.fasterxml.jackson.databind.ser.std.MapSerializer.serialize(MapSerializer.java:34)
	at com.fasterxml.jackson.databind.ser.std.MapSerializer.serializeFields(MapSerializer.java:807)
	at com.fasterxml.jackson.databind.ser.std.MapSerializer.serializeWithoutTypeInfo(MapSerializer.java:763)
	at com.fasterxml.jackson.databind.ser.std.MapSerializer.serialize(MapSerializer.java:719)
	at com.fasterxml.jackson.databind.ser.std.MapSerializer.serialize(MapSerializer.java:34)
	at com.fasterxml.jackson.databind.ser.std.MapSerializer.serializeFields(MapSerializer.java:807)
	at com.fasterxml.jackson.databind.ser.std.MapSerializer.serializeWithoutTypeInfo(MapSerializer.java:763)
	at com.fasterxml.jackson.databind.ser.std.MapSerializer.serialize(MapSerializer.java:719)
	at com.fasterxml.jackson.databind.ser.std.MapSerializer.serialize(MapSerializer.java:34)
	at com.fasterxml.jackson.databind.ser.std.MapSerializer.serializeFields(MapSerializer.java:807)
	at com.fasterxml.jackson.databind.ser.std.MapSerializer.serializeWithoutTypeInfo(MapSerializer.java:763)
	at com.fasterxml.jackson.databind.ser.std.MapSerializer.serialize(MapSerializer.java:719)
	at com.fasterxml.jackson.databind.ser.std.MapSerializer.serialize(MapSerializer.java:34)
	at com.fasterxml.jackson.databind.ser.std.MapSerializer.serializeFields(MapSerializer.java:807)
	at com.fasterxml.jackson.databind.ser.std.MapSerializer.serializeWithoutTypeInfo(MapSerializer.java:763)
	at com.fasterxml.jackson.databind.ser.std.MapSerializer.serialize(MapSerializer.java:719)
	at com.fasterxml.jackson.databind.ser.std.MapSerializer.serialize(MapSerializer.java:34)
	at com.fasterxml.jackson.databind.ser.std.MapSerializer.serializeFields(MapSerializer.java:807)
	at com.fasterxml.jackson.databind.ser.std.MapSerializer.serializeWithoutTypeInfo(MapSerializer.java:763)
	at com.fasterxml.jackson.databind.ser.std.MapSerializer.serialize(MapSerializer.java:719)
	at com.fasterxml.jackson.databind.ser.std.MapSerializer.serialize(MapSerializer.java:34)
	at com.fasterxml.jackson.databind.ser.std.MapSerializer.serializeFields(MapSerializer.java:807)
	at com.fasterxml.jackson.databind.ser.std.MapSerializer.serializeWithoutTypeInfo(MapSerializer.java:763)
	at com.fasterxml.jackson.databind.ser.std.MapSerializer.serialize(MapSerializer.java:719)
	at com.fasterxml.jackson.databind.ser.std.MapSerializer.serialize(MapSerializer.java:34)
	at com.fasterxml.jackson.databind.ser.std.MapSerializer.serializeFields(MapSerializer.java:807)
	at com.fasterxml.jackson.databind.ser.std.MapSerializer.serializeWithoutTypeInfo(MapSerializer.java:763)
	at com.fasterxml.jackson.databind.ser.std.MapSerializer.serialize(MapSerializer.java:719)
	at com.fasterxml.jackson.databind.ser.std.MapSerializer.serialize(MapSerializer.java:34)
	at com.fasterxml.jackson.databind.ser.std.MapSerializer.serializeFields(MapSerializer.java:807)
	at com.fasterxml.jackson.databind.ser.std.MapSerializer.serializeWithoutTypeInfo(MapSerializer.java:763)
	at com.fasterxml.jackson.databind.ser.std.MapSerializer.serialize(MapSerializer.java:719)
	at com.fasterxml.jackson.databind.ser.std.MapSerializer.serialize(MapSerializer.java:34)
	at com.fasterxml.jackson.databind.ser.std.MapSerializer.serializeFields(MapSerializer.java:807)
	at com.fasterxml.jackson.databind.ser.std.MapSerializer.serializeWithoutTypeInfo(MapSerializer.java:763)
	at com.fasterxml.jackson.databind.ser.std.MapSerializer.serialize(MapSerializer.java:719)
	at com.fasterxml.jackson.databind.ser.std.MapSerializer.serialize(MapSerializer.java:34)
	at com.fasterxml.jackson.databind.ser.std.MapSerializer.serializeFields(MapSerializer.java:807)
	at com.fasterxml.jackson.databind.ser.std.MapSerializer.serializeWithoutTypeInfo(MapSerializer.java:763)
	at com.fasterxml.jackson.databind.ser.std.MapSerializer.serialize(MapSerializer.java:719)
	at com.fasterxml.jackson.databind.ser.std.MapSerializer.serialize(MapSerializer.java:34)
	at com.fasterxml.jackson.databind.ser.std.MapSerializer.serializeFields(MapSerializer.java:807)
	at com.fasterxml.jackson.databind.ser.std.MapSerializer.serializeWithoutTypeInfo(MapSerializer.java:763)
	at com.fasterxml.jackson.databind.ser.std.MapSerializer.serialize(MapSerializer.java:719)
	at com.fasterxml.jackson.databind.ser.std.MapSerializer.serialize(MapSerializer.java:34)
	at com.fasterxml.jackson.databind.ser.std.MapSerializer.serializeFields(MapSerializer.java:807)
	at com.fasterxml.jackson.databind.ser.std.MapSerializer.serializeWithoutTypeInfo(MapSerializer.java:763)
	at com.fasterxml.jackson.databind.ser.std.MapSerializer.serialize(MapSerializer.java:719)
	at com.fasterxml.jackson.databind.ser.std.MapSerializer.serialize(MapSerializer.java:34)
	at com.fasterxml.jackson.databind.ser.std.MapSerializer.serializeFields(MapSerializer.java:807)
	at com.fasterxml.jackson.databind.ser.std.MapSerializer.serializeWithoutTypeInfo(MapSerializer.java:763)
	at com.fasterxml.jackson.databind.ser.std.MapSerializer.serialize(MapSerializer.java:719)
	at com.fasterxml.jackson.databind.ser.std.MapSerializer.serialize(MapSerializer.java:34)
	at com.fasterxml.jackson.databind.ser.std.MapSerializer.serializeFields(MapSerializer.java:807)
	at com.fasterxml.jackson.databind.ser.std.MapSerializer.serializeWithoutTypeInfo(MapSerializer.java:763)
	at com.fasterxml.jackson.databind.ser.std.MapSerializer.serialize(MapSerializer.java:719)
	at com.fasterxml.jackson.databind.ser.std.MapSerializer.serialize(MapSerializer.java:34)
[...]
	at java.base/java.util.AbstractMap.toString(AbstractMap.java:557)
	at java.base/java.lang.String.valueOf(String.java:4465)
	at java.base/java.lang.StringBuilder.append(StringBuilder.java:173)
	at java.base/java.util.AbstractMap.toString(AbstractMap.java:557)
	at java.base/java.lang.String.valueOf(String.java:4465)
	at java.base/java.lang.StringBuilder.append(StringBuilder.java:173)
	at java.base/java.util.AbstractMap.toString(AbstractMap.java:557)
	at java.base/java.lang.String.valueOf(String.java:4465)
	at java.base/java.lang.StringBuilder.append(StringBuilder.java:173)
	at java.base/java.util.AbstractMap.toString(AbstractMap.java:557)
	at java.base/java.lang.String.valueOf(String.java:4465)
	at java.base/java.lang.StringBuilder.append(StringBuilder.java:173)
	at java.base/java.util.AbstractMap.toString(AbstractMap.java:557)
	at java.base/java.lang.String.valueOf(String.java:4465)
	at java.base/java.lang.StringBuilder.append(StringBuilder.java:173)
	at java.base/java.util.AbstractMap.toString(AbstractMap.java:557)
	at java.base/java.lang.String.valueOf(String.java:4465)
	at java.base/java.lang.StringBuilder.append(StringBuilder.java:173)
	at java.base/java.util.AbstractMap.toString(AbstractMap.java:557)
	at java.base/java.lang.String.valueOf(String.java:4465)
	at java.base/java.lang.StringBuilder.append(StringBuilder.java:173)
	at java.base/java.util.AbstractMap.toString(AbstractMap.java:557)
	at java.base/java.lang.String.valueOf(String.java:4465)
	at java.base/java.lang.StringBuilder.append(StringBuilder.java:173)
	at java.base/java.util.AbstractMap.toString(AbstractMap.java:557)
	at java.base/java.lang.String.valueOf(String.java:4465)
	at java.base/java.lang.StringBuilder.append(StringBuilder.java:173)
	at java.base/java.util.AbstractMap.toString(AbstractMap.java:557)
	at java.base/java.lang.String.valueOf(String.java:4465)
	at java.base/java.lang.StringBuilder.append(StringBuilder.java:173)
	at java.base/java.util.AbstractMap.toString(AbstractMap.java:557)
	at java.base/java.lang.String.valueOf(String.java:4465)
	at java.base/java.lang.StringBuilder.append(StringBuilder.java:173)
	at java.base/java.util.AbstractMap.toString(AbstractMap.java:557)
	at java.base/java.lang.String.valueOf(String.java:4465)
	at java.base/java.lang.StringBuilder.append(StringBuilder.java:173)
	at java.base/java.util.AbstractMap.toString(AbstractMap.java:557)
	at java.base/java.lang.String.valueOf(String.java:4465)
	at java.base/java.lang.StringBuilder.append(StringBuilder.java:173)
	at java.base/java.util.AbstractMap.toString(AbstractMap.java:557)
	at java.base/java.lang.String.valueOf(String.java:4465)
	at java.base/java.lang.StringBuilder.append(StringBuilder.java:173)
	at java.base/java.util.AbstractMap.toString(AbstractMap.java:557)
	at java.base/java.lang.String.valueOf(String.java:4465)
	at java.base/java.lang.StringBuilder.append(StringBuilder.java:173)
	at java.base/java.util.AbstractMap.toString(AbstractMap.java:557)
	at java.base/java.lang.String.valueOf(String.java:4465)
	at java.base/java.lang.StringBuilder.append(StringBuilder.java:173)
	at java.base/java.util.AbstractMap.toString(AbstractMap.java:557)
	at java.base/java.lang.String.valueOf(String.java:4465)
	at java.base/java.lang.StringBuilder.append(StringBuilder.java:173)
	at java.base/java.util.AbstractMap.toString(AbstractMap.java:557)
	at java.base/java.lang.String.valueOf(String.java:4465)
	at java.base/java.lang.StringBuilder.append(StringBuilder.java:173)
	at java.base/java.util.AbstractMap.toString(AbstractMap.java:557)
	at java.base/java.lang.String.valueOf(String.java:4465)
	at java.base/java.lang.StringBuilder.append(StringBuilder.java:173)
	at java.base/java.util.AbstractMap.toString(AbstractMap.java:557)
	at java.base/java.lang.String.valueOf(String.java:4465)
	at java.base/java.lang.StringBuilder.append(StringBuilder.java:173)
	at java.base/java.util.AbstractMap.toString(AbstractMap.java:557)
	at java.base/java.lang.String.valueOf(String.java:4465)
	at java.base/java.lang.StringBuilder.append(StringBuilder.java:173)
	at java.base/java.util.AbstractMap.toString(AbstractMap.java:557)
	at java.base/java.lang.String.valueOf(String.java:4465)
	at java.base/java.lang.StringBuilder.append(StringBuilder.java:173)
	at java.base/java.util.AbstractMap.toString(AbstractMap.java:557)
	at java.base/java.lang.String.valueOf(String.java:4465)
	at java.base/java.lang.StringBuilder.append(StringBuilder.java:173)
	at java.base/java.util.AbstractMap.toString(AbstractMap.java:557)
	at java.base/java.lang.String.valueOf(String.java:4465)
	at java.base/java.lang.StringBuilder.append(StringBuilder.java:173)
	at java.base/java.util.AbstractMap.toString(AbstractMap.java:557)
	at java.base/java.lang.String.valueOf(String.java:4465)
	at java.base/java.lang.StringBuilder.append(StringBuilder.java:173)
	at java.base/java.util.AbstractMap.toString(AbstractMap.java:557)
	at java.base/java.lang.String.valueOf(String.java:4465)
	at java.base/java.lang.StringBuilder.append(StringBuilder.java:173)
	at java.base/java.util.AbstractMap.toString(AbstractMap.java:557)
	at java.base/java.lang.String.valueOf(String.java:4465)
	at java.base/java.lang.StringBuilder.append(StringBuilder.java:173)
	at java.base/java.util.AbstractMap.toString(AbstractMap.java:557)
	at java.base/java.lang.String.valueOf(String.java:4465)
	at java.base/java.lang.StringBuilder.append(StringBuilder.java:173)
	at java.base/java.util.AbstractMap.toString(AbstractMap.java:557)
	at java.base/java.lang.String.valueOf(String.java:4465)
	at java.base/java.lang.StringBuilder.append(StringBuilder.java:173)
	at java.base/java.util.AbstractMap.toString(AbstractMap.java:557)
	at java.base/java.lang.String.valueOf(String.java:4465)
	at java.base/java.lang.StringBuilder.append(StringBuilder.java:173)
	at java.base/java.util.AbstractMap.toString(AbstractMap.java:557)
	at java.base/java.lang.String.valueOf(String.java:4465)
	at java.base/java.lang.StringBuilder.append(StringBuilder.java:173)
	at java.base/java.util.AbstractMap.toString(AbstractMap.java:557)
	at java.base/java.lang.String.valueOf(String.java:4465)
	at java.base/java.lang.StringBuilder.append(StringBuilder.java:173)
	at java.base/java.util.AbstractMap.toString(AbstractMap.java:557)
	at java.base/java.lang.String.valueOf(String.java:4465)
	at java.base/java.lang.StringBuilder.append(StringBuilder.java:173)
	at java.base/java.util.AbstractMap.toString(AbstractMap.java:557)
	at java.base/java.lang.String.valueOf(String.java:4465)
	at java.base/java.lang.StringBuilder.append(StringBuilder.java:173)
	at java.base/java.util.AbstractMap.toString(AbstractMap.java:557)
	at java.base/java.lang.String.valueOf(String.java:4465)
	at java.base/java.lang.StringBuilder.append(StringBuilder.java:173)
	at java.base/java.util.AbstractMap.toString(AbstractMap.java:557)
	at java.base/java.lang.String.valueOf(String.java:4465)
	at java.base/java.lang.StringBuilder.append(StringBuilder.java:173)
	at java.base/java.util.AbstractMap.toString(AbstractMap.java:557)
	at java.base/java.lang.String.valueOf(String.java:4465)
	at java.base/java.lang.StringBuilder.append(StringBuilder.java:173)
	at java.base/java.util.AbstractMap.toString(AbstractMap.java:557)
	at java.base/java.lang.String.valueOf(String.java:4465)
	at java.base/java.lang.StringBuilder.append(StringBuilder.java:173)
	at java.base/java.util.AbstractMap.toString(AbstractMap.java:557)
	at java.base/java.lang.String.valueOf(String.java:4465)
	at java.base/java.lang.StringBuilder.append(StringBuilder.java:173)
	at java.base/java.util.AbstractMap.toString(AbstractMap.java:557)
]]></system-err>
  </testcase>
  <testcase name="should_HandleSpecialCharacters_When_SerializingAndDeserializing" classname="com.storyhasyou.kratos.utils.JacksonUtilsTest" time="0.003"/>
  <testcase name="should_HandleSingleValueAsArray_When_ConfigurationEnabled" classname="com.storyhasyou.kratos.utils.JacksonUtilsTest" time="0.004"/>
  <testcase name="should_ParseWithTypeReference_When_GivenGenericType" classname="com.storyhasyou.kratos.utils.JacksonUtilsTest" time="0.002"/>
  <testcase name="should_ParseSet_When_GivenValidJsonArray" classname="com.storyhasyou.kratos.utils.JacksonUtilsTest" time="0.004"/>
  <testcase name="should_CreateMappingJackson2HttpMessageConverter_When_CustomNamingStrategy" classname="com.storyhasyou.kratos.utils.JacksonUtilsTest" time="0.008"/>
  <testcase name="should_ThrowBusinessException_When_SerializeNullInput" classname="com.storyhasyou.kratos.utils.JacksonUtilsTest" time="0.002"/>
  <testcase name="should_SerializeDateTime_When_GivenTimeObjects" classname="com.storyhasyou.kratos.utils.JacksonUtilsTest" time="0.004"/>
  <testcase name="should_ThrowBusinessException_When_ParseInvalidJson" classname="com.storyhasyou.kratos.utils.JacksonUtilsTest" time="0.003">
    <system-out><![CDATA[16:29:27.662 [main] ERROR com.storyhasyou.kratos.utils.JacksonUtils -- json解析出错: {invalid json}
com.fasterxml.jackson.core.JsonParseException: Unexpected character ('j' (code 106)): was expecting a colon to separate field name and value
 at [Source: REDACTED (`StreamReadFeature.INCLUDE_SOURCE_IN_LOCATION` disabled); line: 1, column: 10]
	at com.fasterxml.jackson.core.JsonParser._constructReadException(JsonParser.java:2672)
	at com.fasterxml.jackson.core.base.ParserMinimalBase._reportUnexpectedChar(ParserMinimalBase.java:742)
	at com.fasterxml.jackson.core.json.ReaderBasedJsonParser._skipColon2(ReaderBasedJsonParser.java:2356)
	at com.fasterxml.jackson.core.json.ReaderBasedJsonParser._skipColon(ReaderBasedJsonParser.java:2335)
	at com.fasterxml.jackson.core.json.ReaderBasedJsonParser.nextToken(ReaderBasedJsonParser.java:712)
	at com.fasterxml.jackson.databind.deser.BeanDeserializer.deserialize(BeanDeserializer.java:169)
	at com.fasterxml.jackson.databind.deser.DefaultDeserializationContext.readRootValue(DefaultDeserializationContext.java:342)
	at com.fasterxml.jackson.databind.ObjectMapper._readMapAndClose(ObjectMapper.java:4971)
	at com.fasterxml.jackson.databind.ObjectMapper.readValue(ObjectMapper.java:3887)
	at com.fasterxml.jackson.databind.ObjectMapper.readValue(ObjectMapper.java:3855)
	at com.storyhasyou.kratos.utils.JacksonUtils.parse(JacksonUtils.java:201)
	at com.storyhasyou.kratos.utils.JacksonUtilsTest.lambda$should_ThrowBusinessException_When_ParseInvalidJson$1(JacksonUtilsTest.java:221)
	at org.assertj.core.api.ThrowableAssert.catchThrowable(ThrowableAssert.java:63)
	at org.assertj.core.api.AssertionsForClassTypes.catchThrowable(AssertionsForClassTypes.java:905)
	at org.assertj.core.api.Assertions.catchThrowable(Assertions.java:1473)
	at org.assertj.core.api.Assertions.assertThatThrownBy(Assertions.java:1316)
	at com.storyhasyou.kratos.utils.JacksonUtilsTest.should_ThrowBusinessException_When_ParseInvalidJson(JacksonUtilsTest.java:221)
	at java.base/jdk.internal.reflect.DirectMethodHandleAccessor.invoke(DirectMethodHandleAccessor.java:103)
	at java.base/java.lang.reflect.Method.invoke(Method.java:580)
	at org.junit.platform.commons.util.ReflectionUtils.invokeMethod(ReflectionUtils.java:775)
	at org.junit.platform.commons.support.ReflectionSupport.invokeMethod(ReflectionSupport.java:479)
	at org.junit.jupiter.engine.execution.MethodInvocation.proceed(MethodInvocation.java:60)
	at org.junit.jupiter.engine.execution.InvocationInterceptorChain$ValidatingInvocation.proceed(InvocationInterceptorChain.java:131)
	at org.junit.jupiter.engine.extension.TimeoutExtension.intercept(TimeoutExtension.java:161)
	at org.junit.jupiter.engine.extension.TimeoutExtension.interceptTestableMethod(TimeoutExtension.java:152)
	at org.junit.jupiter.engine.extension.TimeoutExtension.interceptTestMethod(TimeoutExtension.java:91)
	at org.junit.jupiter.engine.execution.InterceptingExecutableInvoker$ReflectiveInterceptorCall.lambda$ofVoidMethod$0(InterceptingExecutableInvoker.java:112)
	at org.junit.jupiter.engine.execution.InterceptingExecutableInvoker.lambda$invoke$0(InterceptingExecutableInvoker.java:94)
	at org.junit.jupiter.engine.execution.InvocationInterceptorChain$InterceptedInvocation.proceed(InvocationInterceptorChain.java:106)
	at org.junit.jupiter.engine.execution.InvocationInterceptorChain.proceed(InvocationInterceptorChain.java:64)
	at org.junit.jupiter.engine.execution.InvocationInterceptorChain.chainAndInvoke(InvocationInterceptorChain.java:45)
	at org.junit.jupiter.engine.execution.InvocationInterceptorChain.invoke(InvocationInterceptorChain.java:37)
	at org.junit.jupiter.engine.execution.InterceptingExecutableInvoker.invoke(InterceptingExecutableInvoker.java:93)
	at org.junit.jupiter.engine.execution.InterceptingExecutableInvoker.invoke(InterceptingExecutableInvoker.java:87)
	at org.junit.jupiter.engine.descriptor.TestMethodTestDescriptor.lambda$invokeTestMethod$7(TestMethodTestDescriptor.java:216)
	at org.junit.platform.engine.support.hierarchical.ThrowableCollector.execute(ThrowableCollector.java:73)
	at org.junit.jupiter.engine.descriptor.TestMethodTestDescriptor.invokeTestMethod(TestMethodTestDescriptor.java:212)
	at org.junit.jupiter.engine.descriptor.TestMethodTestDescriptor.execute(TestMethodTestDescriptor.java:137)
	at org.junit.jupiter.engine.descriptor.TestMethodTestDescriptor.execute(TestMethodTestDescriptor.java:69)
	at org.junit.platform.engine.support.hierarchical.NodeTestTask.lambda$executeRecursively$6(NodeTestTask.java:156)
	at org.junit.platform.engine.support.hierarchical.ThrowableCollector.execute(ThrowableCollector.java:73)
	at org.junit.platform.engine.support.hierarchical.NodeTestTask.lambda$executeRecursively$8(NodeTestTask.java:146)
	at org.junit.platform.engine.support.hierarchical.Node.around(Node.java:137)
	at org.junit.platform.engine.support.hierarchical.NodeTestTask.lambda$executeRecursively$9(NodeTestTask.java:144)
	at org.junit.platform.engine.support.hierarchical.ThrowableCollector.execute(ThrowableCollector.java:73)
	at org.junit.platform.engine.support.hierarchical.NodeTestTask.executeRecursively(NodeTestTask.java:143)
	at org.junit.platform.engine.support.hierarchical.NodeTestTask.execute(NodeTestTask.java:100)
	at java.base/java.util.ArrayList.forEach(ArrayList.java:1596)
	at org.junit.platform.engine.support.hierarchical.SameThreadHierarchicalTestExecutorService.invokeAll(SameThreadHierarchicalTestExecutorService.java:41)
	at org.junit.platform.engine.support.hierarchical.NodeTestTask.lambda$executeRecursively$6(NodeTestTask.java:160)
	at org.junit.platform.engine.support.hierarchical.ThrowableCollector.execute(ThrowableCollector.java:73)
	at org.junit.platform.engine.support.hierarchical.NodeTestTask.lambda$executeRecursively$8(NodeTestTask.java:146)
	at org.junit.platform.engine.support.hierarchical.Node.around(Node.java:137)
	at org.junit.platform.engine.support.hierarchical.NodeTestTask.lambda$executeRecursively$9(NodeTestTask.java:144)
	at org.junit.platform.engine.support.hierarchical.ThrowableCollector.execute(ThrowableCollector.java:73)
	at org.junit.platform.engine.support.hierarchical.NodeTestTask.executeRecursively(NodeTestTask.java:143)
	at org.junit.platform.engine.support.hierarchical.NodeTestTask.execute(NodeTestTask.java:100)
	at java.base/java.util.ArrayList.forEach(ArrayList.java:1596)
	at org.junit.platform.engine.support.hierarchical.SameThreadHierarchicalTestExecutorService.invokeAll(SameThreadHierarchicalTestExecutorService.java:41)
	at org.junit.platform.engine.support.hierarchical.NodeTestTask.lambda$executeRecursively$6(NodeTestTask.java:160)
	at org.junit.platform.engine.support.hierarchical.ThrowableCollector.execute(ThrowableCollector.java:73)
	at org.junit.platform.engine.support.hierarchical.NodeTestTask.lambda$executeRecursively$8(NodeTestTask.java:146)
	at org.junit.platform.engine.support.hierarchical.Node.around(Node.java:137)
	at org.junit.platform.engine.support.hierarchical.NodeTestTask.lambda$executeRecursively$9(NodeTestTask.java:144)
	at org.junit.platform.engine.support.hierarchical.ThrowableCollector.execute(ThrowableCollector.java:73)
	at org.junit.platform.engine.support.hierarchical.NodeTestTask.executeRecursively(NodeTestTask.java:143)
	at org.junit.platform.engine.support.hierarchical.NodeTestTask.execute(NodeTestTask.java:100)
	at org.junit.platform.engine.support.hierarchical.SameThreadHierarchicalTestExecutorService.submit(SameThreadHierarchicalTestExecutorService.java:35)
	at org.junit.platform.engine.support.hierarchical.HierarchicalTestExecutor.execute(HierarchicalTestExecutor.java:57)
	at org.junit.platform.engine.support.hierarchical.HierarchicalTestEngine.execute(HierarchicalTestEngine.java:54)
	at org.junit.platform.launcher.core.EngineExecutionOrchestrator.execute(EngineExecutionOrchestrator.java:201)
	at org.junit.platform.launcher.core.EngineExecutionOrchestrator.execute(EngineExecutionOrchestrator.java:170)
	at org.junit.platform.launcher.core.EngineExecutionOrchestrator.execute(EngineExecutionOrchestrator.java:94)
	at org.junit.platform.launcher.core.EngineExecutionOrchestrator.lambda$execute$0(EngineExecutionOrchestrator.java:59)
	at org.junit.platform.launcher.core.EngineExecutionOrchestrator.withInterceptedStreams(EngineExecutionOrchestrator.java:142)
	at org.junit.platform.launcher.core.EngineExecutionOrchestrator.execute(EngineExecutionOrchestrator.java:58)
	at org.junit.platform.launcher.core.DefaultLauncher.execute(DefaultLauncher.java:103)
	at org.junit.platform.launcher.core.DefaultLauncher.execute(DefaultLauncher.java:85)
	at org.junit.platform.launcher.core.DelegatingLauncher.execute(DelegatingLauncher.java:47)
	at org.junit.platform.launcher.core.InterceptingLauncher.lambda$execute$1(InterceptingLauncher.java:39)
	at org.junit.platform.launcher.core.ClasspathAlignmentCheckingLauncherInterceptor.intercept(ClasspathAlignmentCheckingLauncherInterceptor.java:25)
	at org.junit.platform.launcher.core.InterceptingLauncher.execute(InterceptingLauncher.java:38)
	at org.junit.platform.launcher.core.DelegatingLauncher.execute(DelegatingLauncher.java:47)
	at org.apache.maven.surefire.junitplatform.LazyLauncher.execute(LazyLauncher.java:56)
	at org.apache.maven.surefire.junitplatform.JUnitPlatformProvider.execute(JUnitPlatformProvider.java:184)
	at org.apache.maven.surefire.junitplatform.JUnitPlatformProvider.invokeAllTests(JUnitPlatformProvider.java:148)
	at org.apache.maven.surefire.junitplatform.JUnitPlatformProvider.invoke(JUnitPlatformProvider.java:122)
	at org.apache.maven.surefire.booter.ForkedBooter.runSuitesInProcess(ForkedBooter.java:385)
	at org.apache.maven.surefire.booter.ForkedBooter.execute(ForkedBooter.java:162)
	at org.apache.maven.surefire.booter.ForkedBooter.run(ForkedBooter.java:507)
	at org.apache.maven.surefire.booter.ForkedBooter.main(ForkedBooter.java:495)
]]></system-out>
  </testcase>
  <testcase name="should_ConvertValue_When_GivenJavaType" classname="com.storyhasyou.kratos.utils.JacksonUtilsTest" time="0.001"/>
  <testcase name="should_ThrowBusinessException_When_ParseNullInput" classname="com.storyhasyou.kratos.utils.JacksonUtilsTest" time="0.005"/>
  <testcase name="should_DeserializeDateTime_When_GivenTimeJson" classname="com.storyhasyou.kratos.utils.JacksonUtilsTest" time="0.017"/>
  <testcase name="should_HandleUnknownProperties_When_Deserializing" classname="com.storyhasyou.kratos.utils.JacksonUtilsTest" time="0.002"/>
  <testcase name="should_SerializeToString_When_GivenValidObject" classname="com.storyhasyou.kratos.utils.JacksonUtilsTest" time="0.005"/>
  <testcase name="should_ConvertValue_When_GivenClass" classname="com.storyhasyou.kratos.utils.JacksonUtilsTest" time="0.004"/>
  <testcase name="should_ParseMap_When_GivenValidMapJson" classname="com.storyhasyou.kratos.utils.JacksonUtilsTest" time="0.005"/>
  <testcase name="should_HandleEmptyObject_When_Parsing" classname="com.storyhasyou.kratos.utils.JacksonUtilsTest" time="0.002"/>
  <testcase name="should_ReturnSameString_When_SerializeStringInput" classname="com.storyhasyou.kratos.utils.JacksonUtilsTest" time="0.001"/>
</testsuite>