<?xml version="1.0" encoding="UTF-8"?>
<testsuite xmlns:xsi="http://www.w3.org/2001/XMLSchema-instance" xsi:noNamespaceSchemaLocation="https://maven.apache.org/surefire/maven-surefire-plugin/xsd/surefire-test-report-3.0.xsd" version="3.0" name="com.storyhasyou.kratos.utils.IpUtilsTest" time="1.247" tests="43" errors="0" skipped="0" failures="0">
  <properties>
[...]
</properties>
  <testcase name="should_FallbackToRemoteAddr_When_AllHeadersAreUnknown" classname="com.storyhasyou.kratos.utils.IpUtilsTest" time="0.183"/>
  <testcase name="should_ReturnIpFromXForwardedFor_When_HeaderExists" classname="com.storyhasyou.kratos.utils.IpUtilsTest" time="0.003"/>
  <testcase name="should_ReturnFirstValidIp_When_XForwardedForHasMultipleIps" classname="com.storyhasyou.kratos.utils.IpUtilsTest" time="0.002"/>
  <testcase name="should_FallbackToRemoteAddr_When_AllHeadersAreNull" classname="com.storyhasyou.kratos.utils.IpUtilsTest" time="0.003"/>
  <testcase name="should_ReturnValidIPs_When_GivenVariousIPv6Formats(String)[1]" classname="com.storyhasyou.kratos.utils.IpUtilsTest" time="0.002"/>
  <testcase name="should_ReturnValidIPs_When_GivenVariousIPv6Formats(String)[2]" classname="com.storyhasyou.kratos.utils.IpUtilsTest" time="0.002"/>
  <testcase name="should_ReturnValidIPs_When_GivenVariousIPv6Formats(String)[3]" classname="com.storyhasyou.kratos.utils.IpUtilsTest" time="0.003"/>
  <testcase name="should_ReturnValidIPs_When_GivenVariousIPv6Formats(String)[4]" classname="com.storyhasyou.kratos.utils.IpUtilsTest" time="0.002"/>
  <testcase name="should_FallbackToRemoteAddr_When_AllHeadersAreEmpty" classname="com.storyhasyou.kratos.utils.IpUtilsTest" time="0.004"/>
  <testcase name="should_FallbackToHttpClientIp_When_WLProxyClientIpIsNull" classname="com.storyhasyou.kratos.utils.IpUtilsTest" time="0.004"/>
  <testcase name="should_FallbackToProxyClientIp_When_XForwardedForIsUnknown" classname="com.storyhasyou.kratos.utils.IpUtilsTest" time="0.003"/>
  <testcase name="should_HandleCloudFlareProxy_When_BehindCloudFlare" classname="com.storyhasyou.kratos.utils.IpUtilsTest" time="0.002"/>
  <testcase name="should_ReturnValueAsIs_When_HeaderContainsMaliciousContent" classname="com.storyhasyou.kratos.utils.IpUtilsTest" time="0.001"/>
  <testcase name="should_ReturnValidIPv4_When_HeaderContainsIPv4" classname="com.storyhasyou.kratos.utils.IpUtilsTest" time="0.002"/>
  <testcase name="should_ReturnValidIPs_When_GivenVariousIPv4Formats(String)[1]" classname="com.storyhasyou.kratos.utils.IpUtilsTest" time="0.001"/>
  <testcase name="should_ReturnValidIPs_When_GivenVariousIPv4Formats(String)[2]" classname="com.storyhasyou.kratos.utils.IpUtilsTest" time="0.001"/>
  <testcase name="should_ReturnValidIPs_When_GivenVariousIPv4Formats(String)[3]" classname="com.storyhasyou.kratos.utils.IpUtilsTest" time="0.001"/>
  <testcase name="should_ReturnValidIPs_When_GivenVariousIPv4Formats(String)[4]" classname="com.storyhasyou.kratos.utils.IpUtilsTest" time="0.001"/>
  <testcase name="should_ReturnValidIPs_When_GivenVariousIPv4Formats(String)[5]" classname="com.storyhasyou.kratos.utils.IpUtilsTest" time="0.001"/>
  <testcase name="should_ReturnValidIPs_When_GivenVariousIPv4Formats(String)[6]" classname="com.storyhasyou.kratos.utils.IpUtilsTest" time="0.001"/>
  <testcase name="should_ReturnValidIPs_When_GivenVariousIPv4Formats(String)[7]" classname="com.storyhasyou.kratos.utils.IpUtilsTest" time="0.002"/>
  <testcase name="should_ReturnValidIPv6_When_HeaderContainsIPv6" classname="com.storyhasyou.kratos.utils.IpUtilsTest" time="0.001"/>
  <testcase name="should_HandleNullRequest_When_RequestIsNull" classname="com.storyhasyou.kratos.utils.IpUtilsTest" time="0.001"/>
  <testcase name="should_ReturnValueAsIs_When_HeaderContainsSpecialCharacters" classname="com.storyhasyou.kratos.utils.IpUtilsTest" time="0.001"/>
  <testcase name="should_FallbackToWLProxyClientIp_When_ProxyClientIpIsUnknown" classname="com.storyhasyou.kratos.utils.IpUtilsTest" time="0.002"/>
  <testcase name="should_HandleNginxProxy_When_BehindNginx" classname="com.storyhasyou.kratos.utils.IpUtilsTest" time="0.002"/>
  <testcase name="should_FallbackToWLProxyClientIp_When_ProxyClientIpIsEmpty" classname="com.storyhasyou.kratos.utils.IpUtilsTest" time="0.002"/>
  <testcase name="should_HandleCaseInsensitiveUnknown_When_CheckingUnknownValue(String, boolean)[1]" classname="com.storyhasyou.kratos.utils.IpUtilsTest" time="0.005"/>
  <testcase name="should_HandleCaseInsensitiveUnknown_When_CheckingUnknownValue(String, boolean)[2]" classname="com.storyhasyou.kratos.utils.IpUtilsTest" time="0.002"/>
  <testcase name="should_HandleCaseInsensitiveUnknown_When_CheckingUnknownValue(String, boolean)[3]" classname="com.storyhasyou.kratos.utils.IpUtilsTest" time="0.002"/>
  <testcase name="should_HandleCaseInsensitiveUnknown_When_CheckingUnknownValue(String, boolean)[4]" classname="com.storyhasyou.kratos.utils.IpUtilsTest" time="0.002"/>
  <testcase name="should_HandleCaseInsensitiveUnknown_When_CheckingUnknownValue(String, boolean)[5]" classname="com.storyhasyou.kratos.utils.IpUtilsTest" time="0.002"/>
  <testcase name="should_HandleCaseInsensitiveUnknown_When_CheckingUnknownValue(String, boolean)[6]" classname="com.storyhasyou.kratos.utils.IpUtilsTest" time="0.002"/>
  <testcase name="should_HandleCaseInsensitiveUnknown_When_CheckingUnknownValue(String, boolean)[7]" classname="com.storyhasyou.kratos.utils.IpUtilsTest" time="0.001"/>
  <testcase name="should_FallbackToProxyClientIp_When_XForwardedForIsNull" classname="com.storyhasyou.kratos.utils.IpUtilsTest" time="0.001"/>
  <testcase name="should_HandleComplexForwardedHeader_When_MultipleProxies" classname="com.storyhasyou.kratos.utils.IpUtilsTest" time="0.002"/>
  <testcase name="should_HandleForwardedHeaderWithSpaces_When_ContainsExtraSpaces" classname="com.storyhasyou.kratos.utils.IpUtilsTest" time="0.001"/>
  <testcase name="should_FallbackToWLProxyClientIp_When_ProxyClientIpIsNull" classname="com.storyhasyou.kratos.utils.IpUtilsTest" time="0.002"/>
  <testcase name="should_FallbackToHttpXForwardedFor_When_HttpClientIpIsNull" classname="com.storyhasyou.kratos.utils.IpUtilsTest" time="0.002"/>
  <testcase name="should_FallbackToProxyClientIp_When_XForwardedForIsEmpty" classname="com.storyhasyou.kratos.utils.IpUtilsTest" time="0.002"/>
  <testcase name="should_HandleAllNullValues_When_AllMethodsReturnNull" classname="com.storyhasyou.kratos.utils.IpUtilsTest" time="0.005"/>
  <testcase name="should_HandleLoadBalancer_When_BehindLoadBalancer" classname="com.storyhasyou.kratos.utils.IpUtilsTest" time="0.002"/>
  <testcase name="should_PerformEfficiently_When_CalledManyTimes" classname="com.storyhasyou.kratos.utils.IpUtilsTest" time="0.948">
    <system-out><![CDATA[IP获取性能测试: 100,000 次调用耗时 945ms
]]></system-out>
  </testcase>
</testsuite>